2021-07-23 13:25:37.6981|0|INFO|BaseLogger|Successfully inited Rollbar on development 
2021-07-23 13:25:37.9906|0|INFO|Quartz.Impl.StdSchedulerFactory|Default Quartz.NET properties loaded from embedded resource file 
2021-07-23 13:25:38.0358|0|INFO|Quartz.Core.SchedulerSignalerImpl|Initialized Scheduler Signaller of type: Quartz.Core.SchedulerSignalerImpl 
2021-07-23 13:25:38.0358|0|INFO|Quartz.Core.QuartzScheduler|Quartz Scheduler v.3.3.2.0 created. 
2021-07-23 13:25:38.0358|0|INFO|Quartz.Simpl.RAMJobStore|RAMJobStore initialized. 
2021-07-23 13:25:38.0451|0|INFO|Quartz.Core.QuartzScheduler|Scheduler meta-data: Quartz Scheduler (v3.3.2.0) 'DefaultQuartzScheduler' with instanceId 'NON_CLUSTERED'
  Scheduler class: 'Quartz.Core.QuartzScheduler' - running locally.
  NOT STARTED.
  Currently in standby mode.
  Number of jobs executed: 0
  Using thread pool 'Quartz.Simpl.DefaultThreadPool' - with 10 threads.
  Using job-store 'Quartz.Simpl.RAMJobStore' - which does not support persistence. and is not clustered.
 
2021-07-23 13:25:38.0451|0|INFO|Quartz.Impl.StdSchedulerFactory|Quartz scheduler 'DefaultQuartzScheduler' initialized 
2021-07-23 13:25:38.0451|0|INFO|Quartz.Impl.StdSchedulerFactory|Quartz scheduler version: 3.3.2.0 
2021-07-23 13:25:38.0451|0|INFO|Quartz.Core.QuartzScheduler|Scheduler DefaultQuartzScheduler_$_NON_CLUSTERED started. 
2021-07-23 13:50:00.1630|0|INFO|GangWarService|Inited gang war 
2021-07-23 13:51:01.1251|3|INFO|Grpc.Net.Client.Internal.GrpcCall|Call failed with gRPC error status. Status code: '10003', Message: 'email already exists'. 
2021-07-23 13:51:18.7137|3|INFO|Grpc.Net.Client.Internal.GrpcCall|Call failed with gRPC error status. Status code: '10003', Message: 'email already exists'. 
2021-07-23 13:51:21.7390|3|INFO|Grpc.Net.Client.Internal.GrpcCall|Call failed with gRPC error status. Status code: '10003', Message: 'email already exists'. 
2021-07-23 13:51:26.6920|3|INFO|Grpc.Net.Client.Internal.GrpcCall|Call failed with gRPC error status. Status code: '10003', Message: 'email already exists'. 
2021-07-23 13:51:33.4443|3|INFO|Grpc.Net.Client.Internal.GrpcCall|Call failed with gRPC error status. Status code: '10002', Message: 'username already exists'. 
2021-07-23 13:51:38.7321|0|INFO|Gamemode.Models.Player.IdsCache|Loaded player ids to cache. dynamic_id=0, static_id=38 
2021-07-23 13:51:38.7401|0|INFO|Gamemode.Models.Player.CustomPlayer|Loaded player to cache. ID=38 
2021-07-23 13:52:00.6125|0|INFO|Gamemode.Models.Player.IdsCache|Unloaded player ids from cache. dynamic_id=0 
2021-07-23 13:52:00.6125|0|INFO|Gamemode.Models.Player.CustomPlayer|Unloaded player from cache. ID=38 
2021-07-23 13:52:17.3628|3|INFO|Grpc.Net.Client.Internal.GrpcCall|Call failed with gRPC error status. Status code: '10005', Message: 'invalid password'. 
2021-07-23 13:52:20.5775|3|INFO|Grpc.Net.Client.Internal.GrpcCall|Call failed with gRPC error status. Status code: '10005', Message: 'invalid password'. 
2021-07-23 13:52:24.2265|3|INFO|Grpc.Net.Client.Internal.GrpcCall|Call failed with gRPC error status. Status code: '10005', Message: 'invalid password'. 
2021-07-23 13:52:28.7262|3|INFO|Grpc.Net.Client.Internal.GrpcCall|Call failed with gRPC error status. Status code: '10005', Message: 'invalid password'. 
2021-07-23 13:53:49.5201|0|INFO|Gamemode.Models.Player.IdsCache|Loaded player ids to cache. dynamic_id=0, static_id=4 
2021-07-23 13:53:49.5201|0|INFO|Gamemode.Models.Player.AdminsCache|Loaded admin to cache. static_id=4 
2021-07-23 13:53:49.5262|0|INFO|Gamemode.Models.Player.FractionsCache|Loaded fraction member to cache. static_id=4 
2021-07-23 13:53:49.5262|0|INFO|Gamemode.Models.Player.InventoryWeapons|Added weapon to inventory. weapon_hash=Microsmg 
2021-07-23 13:53:49.5262|0|INFO|Gamemode.Models.Player.InventoryWeapons|Added weapon to inventory. weapon_hash=Knuckle 
2021-07-23 13:53:49.5262|0|INFO|Gamemode.Models.Player.InventoryWeapons|Added weapon to inventory. weapon_hash=Flare 
2021-07-23 13:53:49.5262|0|INFO|Gamemode.Models.Player.InventoryWeapons|Added weapon to inventory. weapon_hash=Pumpshotgun 
2021-07-23 13:53:49.5262|0|INFO|Gamemode.Models.Player.InventoryWeapons|Added weapon to inventory. weapon_hash=Pistol 
2021-07-23 13:53:49.5262|0|INFO|Gamemode.Models.Player.CustomPlayer|Loaded player to cache. ID=4 
2021-07-23 13:53:53.1842|0|WARN|AdminCommand|Administrator tests created vehicle INFERNUS 
2021-07-23 14:00:00.0015|0|INFO|GangWarService|Started gang war 
2021-07-23 14:15:00.0432|0|INFO|GangWarService|Finished gang war 
2021-07-23 14:15:12.2160|0|WARN|AdminCommand|Administrator tests created vehicle BULLET 
2021-07-23 14:16:07.0998|0|INFO|Gamemode.Models.Player.AdminsCache|Unloaded admin from cache. static_id=4 
2021-07-23 14:16:07.0998|0|INFO|Gamemode.Models.Player.FractionsCache|Unloaded fraction member from cache. static_id=4 
2021-07-23 14:16:07.0998|0|INFO|Gamemode.Models.Player.IdsCache|Unloaded player ids from cache. dynamic_id=0 
2021-07-23 14:16:07.0998|0|INFO|Gamemode.Models.Player.CustomPlayer|Unloaded player from cache. ID=4 
2021-07-23 14:16:46.8711|3|INFO|Grpc.Net.Client.Internal.GrpcCall|Call failed with gRPC error status. Status code: '10003', Message: 'email already exists'. 
2021-07-23 14:16:53.0711|3|INFO|Grpc.Net.Client.Internal.GrpcCall|Call failed with gRPC error status. Status code: '10002', Message: 'username already exists'. 
2021-07-23 14:17:02.2534|3|INFO|Grpc.Net.Client.Internal.GrpcCall|Call failed with gRPC error status. Status code: '10002', Message: 'username already exists'. 
2021-07-23 14:17:07.3389|0|INFO|Gamemode.Models.Player.IdsCache|Loaded player ids to cache. dynamic_id=0, static_id=39 
2021-07-23 14:17:07.3389|0|INFO|Gamemode.Models.Player.CustomPlayer|Loaded player to cache. ID=39 
2021-07-23 14:18:27.9503|0|INFO|Gamemode.Models.Player.IdsCache|Unloaded player ids from cache. dynamic_id=0 
2021-07-23 14:18:27.9503|0|INFO|Gamemode.Models.Player.CustomPlayer|Unloaded player from cache. ID=39 
2021-07-23 14:18:27.9996|6|ERROR|Grpc.Net.Client.Internal.GrpcCall|Error starting gRPC call. System.Net.Http.HttpRequestException: Connection refused (localhost:8000)
 ---> System.Net.Sockets.SocketException (111): Connection refused
   at void System.Net.Sockets.Socket+AwaitableSocketAsyncEventArgs.ThrowException(SocketError error, CancellationToken cancellationToken)
   at void System.Net.Sockets.Socket+AwaitableSocketAsyncEventArgs.System.Threading.Tasks.Sources.IValueTaskSource.GetResult(short token)
   at async Task System.Net.Sockets.Socket.ConnectAsync(EndPoint remoteEP)+WaitForConnectWithCancellation(?)
   at async ValueTask<Stream> System.Net.Http.HttpConnectionPool.DefaultConnectAsync(SocketsHttpConnectionContext context, CancellationToken cancellationToken)
   at async ValueTask<Stream> System.Net.Http.ConnectHelper.ConnectAsync(Func<SocketsHttpConnectionContext, CancellationToken, ValueTask<Stream>> callback, DnsEndPoint endPoint, HttpRequestMessage requestMessage, CancellationToken cancellationToken)
   --- End of inner exception stack trace ---
   at System.Net.Http.ConnectHelper.ConnectAsync(Func`3 callback, DnsEndPoint endPoint, HttpRequestMessage requestMessage, CancellationToken cancellationToken)
   at System.Net.Http.HttpConnectionPool.ConnectAsync(HttpRequestMessage request, Boolean async, CancellationToken cancellationToken)
   at System.Net.Http.HttpConnectionPool.GetHttp2ConnectionAsync(HttpRequestMessage request, Boolean async, CancellationToken cancellationToken)
   at System.Net.Http.HttpConnectionPool.SendWithRetryAsync(HttpRequestMessage request, Boolean async, Boolean doRequestAuth, CancellationToken cancellationToken)
   at System.Net.Http.RedirectHandler.SendAsync(HttpRequestMessage request, Boolean async, CancellationToken cancellationToken)
   at Grpc.Shared.TelemetryHeaderHandler.SendAsyncCore(HttpRequestMessage request, CancellationToken cancellationToken)
   at Grpc.Net.Client.Internal.Retry.RetryCall`2.StartRetry(Action`1 startCallFunc)
   at Grpc.Net.Client.Internal.GrpcCall`2.RunCall(HttpRequestMessage request, Nullable`1 timeout)
2021-07-23 14:18:28.0102|3|INFO|Grpc.Net.Client.Internal.GrpcCall|Call failed with gRPC error status. Status code: 'Unavailable', Message: 'Error starting gRPC call. HttpRequestException: Connection refused (localhost:8000) SocketException: Connection refused'. 
2021-07-23 14:18:28.8653|6|ERROR|Grpc.Net.Client.Internal.GrpcCall|Error starting gRPC call. System.Net.Http.HttpRequestException: Connection refused (localhost:8000)
 ---> System.Net.Sockets.SocketException (111): Connection refused
   at void System.Net.Sockets.Socket+AwaitableSocketAsyncEventArgs.ThrowException(SocketError error, CancellationToken cancellationToken)
   at void System.Net.Sockets.Socket+AwaitableSocketAsyncEventArgs.System.Threading.Tasks.Sources.IValueTaskSource.GetResult(short token)
   at async Task System.Net.Sockets.Socket.ConnectAsync(EndPoint remoteEP)+WaitForConnectWithCancellation(?)
   at async ValueTask<Stream> System.Net.Http.HttpConnectionPool.DefaultConnectAsync(SocketsHttpConnectionContext context, CancellationToken cancellationToken)
   at async ValueTask<Stream> System.Net.Http.ConnectHelper.ConnectAsync(Func<SocketsHttpConnectionContext, CancellationToken, ValueTask<Stream>> callback, DnsEndPoint endPoint, HttpRequestMessage requestMessage, CancellationToken cancellationToken)
   --- End of inner exception stack trace ---
   at System.Net.Http.ConnectHelper.ConnectAsync(Func`3 callback, DnsEndPoint endPoint, HttpRequestMessage requestMessage, CancellationToken cancellationToken)
   at System.Net.Http.HttpConnectionPool.ConnectAsync(HttpRequestMessage request, Boolean async, CancellationToken cancellationToken)
   at System.Net.Http.HttpConnectionPool.GetHttp2ConnectionAsync(HttpRequestMessage request, Boolean async, CancellationToken cancellationToken)
   at System.Net.Http.HttpConnectionPool.SendWithRetryAsync(HttpRequestMessage request, Boolean async, Boolean doRequestAuth, CancellationToken cancellationToken)
   at System.Net.Http.RedirectHandler.SendAsync(HttpRequestMessage request, Boolean async, CancellationToken cancellationToken)
   at Grpc.Shared.TelemetryHeaderHandler.SendAsyncCore(HttpRequestMessage request, CancellationToken cancellationToken)
   at Grpc.Net.Client.Internal.Retry.RetryCall`2.StartRetry(Action`1 startCallFunc)
   at Grpc.Net.Client.Internal.GrpcCall`2.RunCall(HttpRequestMessage request, Nullable`1 timeout)
2021-07-23 14:18:28.8653|3|INFO|Grpc.Net.Client.Internal.GrpcCall|Call failed with gRPC error status. Status code: 'Unavailable', Message: 'Error starting gRPC call. HttpRequestException: Connection refused (localhost:8000) SocketException: Connection refused'. 
2021-07-23 14:18:30.2585|6|ERROR|Grpc.Net.Client.Internal.GrpcCall|Error starting gRPC call. System.Net.Http.HttpRequestException: Connection refused (localhost:8000)
 ---> System.Net.Sockets.SocketException (111): Connection refused
   at void System.Net.Sockets.Socket+AwaitableSocketAsyncEventArgs.ThrowException(SocketError error, CancellationToken cancellationToken)
   at void System.Net.Sockets.Socket+AwaitableSocketAsyncEventArgs.System.Threading.Tasks.Sources.IValueTaskSource.GetResult(short token)
   at async Task System.Net.Sockets.Socket.ConnectAsync(EndPoint remoteEP)+WaitForConnectWithCancellation(?)
   at async ValueTask<Stream> System.Net.Http.HttpConnectionPool.DefaultConnectAsync(SocketsHttpConnectionContext context, CancellationToken cancellationToken)
   at async ValueTask<Stream> System.Net.Http.ConnectHelper.ConnectAsync(Func<SocketsHttpConnectionContext, CancellationToken, ValueTask<Stream>> callback, DnsEndPoint endPoint, HttpRequestMessage requestMessage, CancellationToken cancellationToken)
   --- End of inner exception stack trace ---
   at System.Net.Http.ConnectHelper.ConnectAsync(Func`3 callback, DnsEndPoint endPoint, HttpRequestMessage requestMessage, CancellationToken cancellationToken)
   at System.Net.Http.HttpConnectionPool.ConnectAsync(HttpRequestMessage request, Boolean async, CancellationToken cancellationToken)
   at System.Net.Http.HttpConnectionPool.GetHttp2ConnectionAsync(HttpRequestMessage request, Boolean async, CancellationToken cancellationToken)
   at System.Net.Http.HttpConnectionPool.SendWithRetryAsync(HttpRequestMessage request, Boolean async, Boolean doRequestAuth, CancellationToken cancellationToken)
   at System.Net.Http.RedirectHandler.SendAsync(HttpRequestMessage request, Boolean async, CancellationToken cancellationToken)
   at Grpc.Shared.TelemetryHeaderHandler.SendAsyncCore(HttpRequestMessage request, CancellationToken cancellationToken)
   at Grpc.Net.Client.Internal.Retry.RetryCall`2.StartRetry(Action`1 startCallFunc)
   at Grpc.Net.Client.Internal.GrpcCall`2.RunCall(HttpRequestMessage request, Nullable`1 timeout)
2021-07-23 14:18:30.2585|3|INFO|Grpc.Net.Client.Internal.GrpcCall|Call failed with gRPC error status. Status code: 'Unavailable', Message: 'Error starting gRPC call. HttpRequestException: Connection refused (localhost:8000) SocketException: Connection refused'. 
2021-07-23 14:18:31.9711|6|ERROR|Grpc.Net.Client.Internal.GrpcCall|Error starting gRPC call. System.Net.Http.HttpRequestException: Connection refused (localhost:8000)
 ---> System.Net.Sockets.SocketException (111): Connection refused
   at void System.Net.Sockets.Socket+AwaitableSocketAsyncEventArgs.ThrowException(SocketError error, CancellationToken cancellationToken)
   at void System.Net.Sockets.Socket+AwaitableSocketAsyncEventArgs.System.Threading.Tasks.Sources.IValueTaskSource.GetResult(short token)
   at async Task System.Net.Sockets.Socket.ConnectAsync(EndPoint remoteEP)+WaitForConnectWithCancellation(?)
   at async ValueTask<Stream> System.Net.Http.HttpConnectionPool.DefaultConnectAsync(SocketsHttpConnectionContext context, CancellationToken cancellationToken)
   at async ValueTask<Stream> System.Net.Http.ConnectHelper.ConnectAsync(Func<SocketsHttpConnectionContext, CancellationToken, ValueTask<Stream>> callback, DnsEndPoint endPoint, HttpRequestMessage requestMessage, CancellationToken cancellationToken)
   --- End of inner exception stack trace ---
   at System.Net.Http.ConnectHelper.ConnectAsync(Func`3 callback, DnsEndPoint endPoint, HttpRequestMessage requestMessage, CancellationToken cancellationToken)
   at System.Net.Http.HttpConnectionPool.ConnectAsync(HttpRequestMessage request, Boolean async, CancellationToken cancellationToken)
   at System.Net.Http.HttpConnectionPool.GetHttp2ConnectionAsync(HttpRequestMessage request, Boolean async, CancellationToken cancellationToken)
   at System.Net.Http.HttpConnectionPool.SendWithRetryAsync(HttpRequestMessage request, Boolean async, Boolean doRequestAuth, CancellationToken cancellationToken)
   at System.Net.Http.RedirectHandler.SendAsync(HttpRequestMessage request, Boolean async, CancellationToken cancellationToken)
   at Grpc.Shared.TelemetryHeaderHandler.SendAsyncCore(HttpRequestMessage request, CancellationToken cancellationToken)
   at Grpc.Net.Client.Internal.Retry.RetryCall`2.StartRetry(Action`1 startCallFunc)
   at Grpc.Net.Client.Internal.GrpcCall`2.RunCall(HttpRequestMessage request, Nullable`1 timeout)
2021-07-23 14:18:31.9748|3|INFO|Grpc.Net.Client.Internal.GrpcCall|Call failed with gRPC error status. Status code: 'Unavailable', Message: 'Error starting gRPC call. HttpRequestException: Connection refused (localhost:8000) SocketException: Connection refused'. 
2021-07-23 14:18:32.4561|6|ERROR|Grpc.Net.Client.Internal.GrpcCall|Error starting gRPC call. System.Net.Http.HttpRequestException: Connection refused (localhost:8000)
 ---> System.Net.Sockets.SocketException (111): Connection refused
   at void System.Net.Sockets.Socket+AwaitableSocketAsyncEventArgs.ThrowException(SocketError error, CancellationToken cancellationToken)
   at void System.Net.Sockets.Socket+AwaitableSocketAsyncEventArgs.System.Threading.Tasks.Sources.IValueTaskSource.GetResult(short token)
   at async Task System.Net.Sockets.Socket.ConnectAsync(EndPoint remoteEP)+WaitForConnectWithCancellation(?)
   at async ValueTask<Stream> System.Net.Http.HttpConnectionPool.DefaultConnectAsync(SocketsHttpConnectionContext context, CancellationToken cancellationToken)
   at async ValueTask<Stream> System.Net.Http.ConnectHelper.ConnectAsync(Func<SocketsHttpConnectionContext, CancellationToken, ValueTask<Stream>> callback, DnsEndPoint endPoint, HttpRequestMessage requestMessage, CancellationToken cancellationToken)
   --- End of inner exception stack trace ---
   at System.Net.Http.ConnectHelper.ConnectAsync(Func`3 callback, DnsEndPoint endPoint, HttpRequestMessage requestMessage, CancellationToken cancellationToken)
   at System.Net.Http.HttpConnectionPool.ConnectAsync(HttpRequestMessage request, Boolean async, CancellationToken cancellationToken)
   at System.Net.Http.HttpConnectionPool.GetHttp2ConnectionAsync(HttpRequestMessage request, Boolean async, CancellationToken cancellationToken)
   at System.Net.Http.HttpConnectionPool.SendWithRetryAsync(HttpRequestMessage request, Boolean async, Boolean doRequestAuth, CancellationToken cancellationToken)
   at System.Net.Http.RedirectHandler.SendAsync(HttpRequestMessage request, Boolean async, CancellationToken cancellationToken)
   at Grpc.Shared.TelemetryHeaderHandler.SendAsyncCore(HttpRequestMessage request, CancellationToken cancellationToken)
   at Grpc.Net.Client.Internal.Retry.RetryCall`2.StartRetry(Action`1 startCallFunc)
   at Grpc.Net.Client.Internal.GrpcCall`2.RunCall(HttpRequestMessage request, Nullable`1 timeout)
2021-07-23 14:18:32.4561|3|INFO|Grpc.Net.Client.Internal.GrpcCall|Call failed with gRPC error status. Status code: 'Unavailable', Message: 'Error starting gRPC call. HttpRequestException: Connection refused (localhost:8000) SocketException: Connection refused'. 
2021-07-23 16:27:03.1465|0|INFO|BaseLogger|Successfully inited Rollbar on development 
2021-07-23 16:27:03.4390|0|INFO|Quartz.Impl.StdSchedulerFactory|Default Quartz.NET properties loaded from embedded resource file 
2021-07-23 16:27:03.4801|0|INFO|Quartz.Core.SchedulerSignalerImpl|Initialized Scheduler Signaller of type: Quartz.Core.SchedulerSignalerImpl 
2021-07-23 16:27:03.4801|0|INFO|Quartz.Core.QuartzScheduler|Quartz Scheduler v.3.3.2.0 created. 
2021-07-23 16:27:03.4801|0|INFO|Quartz.Simpl.RAMJobStore|RAMJobStore initialized. 
2021-07-23 16:27:03.4879|0|INFO|Quartz.Core.QuartzScheduler|Scheduler meta-data: Quartz Scheduler (v3.3.2.0) 'DefaultQuartzScheduler' with instanceId 'NON_CLUSTERED'
  Scheduler class: 'Quartz.Core.QuartzScheduler' - running locally.
  NOT STARTED.
  Currently in standby mode.
  Number of jobs executed: 0
  Using thread pool 'Quartz.Simpl.DefaultThreadPool' - with 10 threads.
  Using job-store 'Quartz.Simpl.RAMJobStore' - which does not support persistence. and is not clustered.
 
2021-07-23 16:27:03.4879|0|INFO|Quartz.Impl.StdSchedulerFactory|Quartz scheduler 'DefaultQuartzScheduler' initialized 
2021-07-23 16:27:03.4879|0|INFO|Quartz.Impl.StdSchedulerFactory|Quartz scheduler version: 3.3.2.0 
2021-07-23 16:27:03.4966|0|INFO|Quartz.Core.QuartzScheduler|Scheduler DefaultQuartzScheduler_$_NON_CLUSTERED started. 
2021-07-23 16:28:49.8814|3|INFO|Grpc.Net.Client.Internal.GrpcCall|Call failed with gRPC error status. Status code: '10000', Message: 'user not found'. 
2021-07-23 16:28:54.0278|3|INFO|Grpc.Net.Client.Internal.GrpcCall|Call failed with gRPC error status. Status code: '10000', Message: 'user not found'. 
2021-07-23 16:28:57.3763|3|INFO|Grpc.Net.Client.Internal.GrpcCall|Call failed with gRPC error status. Status code: '10000', Message: 'user not found'. 
2021-07-23 16:29:56.9307|3|INFO|Grpc.Net.Client.Internal.GrpcCall|Call failed with gRPC error status. Status code: '10003', Message: 'email already exists'. 
2021-07-23 16:30:31.2594|3|INFO|Grpc.Net.Client.Internal.GrpcCall|Call failed with gRPC error status. Status code: '10003', Message: 'email already exists'. 
2021-07-23 16:30:41.9316|3|INFO|Grpc.Net.Client.Internal.GrpcCall|Call failed with gRPC error status. Status code: '10002', Message: 'username already exists'. 
2021-07-23 16:31:13.0278|0|INFO|Gamemode.Models.Player.IdsCache|Loaded player ids to cache. dynamic_id=0, static_id=40 
2021-07-23 16:31:13.0278|0|INFO|Gamemode.Models.Player.CustomPlayer|Loaded player to cache. ID=40 
2021-07-23 16:35:49.1233|0|INFO|Gamemode.Models.Player.IdsCache|Unloaded player ids from cache. dynamic_id=0 
2021-07-23 16:35:49.1233|0|INFO|Gamemode.Models.Player.CustomPlayer|Unloaded player from cache. ID=40 
2021-07-23 16:37:57.9433|3|INFO|Grpc.Net.Client.Internal.GrpcCall|Call failed with gRPC error status. Status code: '10005', Message: 'invalid password'. 
2021-07-23 16:38:09.4413|0|INFO|Gamemode.Models.Player.IdsCache|Loaded player ids to cache. dynamic_id=0, static_id=4 
2021-07-23 16:38:09.4413|0|INFO|Gamemode.Models.Player.AdminsCache|Loaded admin to cache. static_id=4 
2021-07-23 16:38:09.4413|0|INFO|Gamemode.Models.Player.FractionsCache|Loaded fraction member to cache. static_id=4 
2021-07-23 16:38:09.4413|0|INFO|Gamemode.Models.Player.InventoryWeapons|Added weapon to inventory. weapon_hash=Microsmg 
2021-07-23 16:38:09.4413|0|INFO|Gamemode.Models.Player.InventoryWeapons|Added weapon to inventory. weapon_hash=Knuckle 
2021-07-23 16:38:09.4413|0|INFO|Gamemode.Models.Player.InventoryWeapons|Added weapon to inventory. weapon_hash=Flare 
2021-07-23 16:38:09.4413|0|INFO|Gamemode.Models.Player.InventoryWeapons|Added weapon to inventory. weapon_hash=Pumpshotgun 
2021-07-23 16:38:09.4413|0|INFO|Gamemode.Models.Player.InventoryWeapons|Added weapon to inventory. weapon_hash=Pistol 
2021-07-23 16:38:09.4413|0|INFO|Gamemode.Models.Player.CustomPlayer|Loaded player to cache. ID=4 
2021-07-23 16:38:15.5363|0|WARN|AdminCommand|Administrator tests created vehicle openwheel1 
2021-07-23 16:39:21.1189|0|WARN|AdminCommand|Administrator tests deleted vehicle  
2021-07-23 16:39:22.9154|0|WARN|AdminCommand|Administrator tests created vehicle openwheel1 
2021-07-23 16:39:25.7172|0|WARN|AdminCommand|Administrator tests deleted vehicle  
2021-07-23 16:39:27.5485|0|WARN|AdminCommand|Administrator tests created vehicle openwheel2 
2021-07-23 16:50:00.0821|0|INFO|GangWarService|Inited gang war 
2021-07-23 17:00:00.0015|0|INFO|GangWarService|Started gang war 
2021-07-23 17:10:01.3343|0|WARN|AdminCommand|Administrator tests created vehicle BULLET 
2021-07-23 17:15:00.0447|0|INFO|GangWarService|Finished gang war 
2021-07-23 17:18:18.5491|0|WARN|AdminCommand|Administrator tests created vehicle SANDKING 
2021-07-23 17:50:00.0136|0|INFO|GangWarService|Inited gang war 
2021-07-23 18:00:00.0005|0|INFO|GangWarService|Started gang war 
2021-07-23 18:01:37.4852|0|WARN|AdminCommand|Administrator tests deleted vehicle  
2021-07-23 18:01:38.4527|0|WARN|AdminCommand|Administrator tests deleted vehicle  
2021-07-23 18:01:40.1015|0|WARN|AdminCommand|Administrator tests created vehicle MONSTER5 
2021-07-23 18:15:00.0119|0|INFO|GangWarService|Finished gang war 
2021-07-23 18:50:00.0345|0|INFO|GangWarService|Inited gang war 
2021-07-23 19:00:00.0005|0|INFO|GangWarService|Started gang war 
2021-07-23 19:15:00.0350|0|INFO|GangWarService|Finished gang war 
2021-07-23 19:18:43.5241|0|WARN|AdminCommand|Administrator tests created vehicle freightcar2 
2021-07-23 19:20:19.5307|0|WARN|AdminCommand|Administrator tests created vehicle FREIGHT 
2021-07-23 19:20:21.5901|0|WARN|AdminCommand|Administrator tests deleted vehicle  
2021-07-23 19:20:23.9553|0|WARN|AdminCommand|Administrator tests created vehicle FREIGHT 
2021-07-23 19:20:35.8069|0|WARN|AdminCommand|Administrator tests created vehicle MONSTER5 
2021-07-23 19:21:10.7219|0|WARN|AdminCommand|Administrator tests created vehicle MONSTER5 
2021-07-23 19:21:19.6750|0|WARN|AdminCommand|Administrator tests deleted vehicle  
2021-07-23 19:22:45.1862|0|WARN|AdminCommand|Administrator tests created vehicle FREIGHT 
2021-07-23 19:23:35.9941|0|INFO|Gamemode.Models.Player.AdminsCache|Unloaded admin from cache. static_id=4 
2021-07-23 19:23:35.9941|0|INFO|Gamemode.Models.Player.FractionsCache|Unloaded fraction member from cache. static_id=4 
2021-07-23 19:23:35.9941|0|INFO|Gamemode.Models.Player.IdsCache|Unloaded player ids from cache. dynamic_id=0 
2021-07-23 19:23:35.9941|0|INFO|Gamemode.Models.Player.CustomPlayer|Unloaded player from cache. ID=4 
2021-07-23 19:50:00.1125|0|INFO|GangWarService|Inited gang war 
