2021-07-16 00:10:25.1504|0|WARN|AdminCommand|Administrator tests created vehicle BULLET 
2021-07-16 00:17:14.3633|0|INFO|BaseLogger|Successfully inited Rollbar on development 
2021-07-16 00:17:15.3110|0|INFO|Quartz.Impl.StdSchedulerFactory|Default Quartz.NET properties loaded from embedded resource file 
2021-07-16 00:17:15.5361|0|INFO|Quartz.Core.SchedulerSignalerImpl|Initialized Scheduler Signaller of type: Quartz.Core.SchedulerSignalerImpl 
2021-07-16 00:17:15.5369|0|INFO|Quartz.Core.QuartzScheduler|Quartz Scheduler v.3.3.2.0 created. 
2021-07-16 00:17:15.5554|0|INFO|Quartz.Simpl.RAMJobStore|RAMJobStore initialized. 
2021-07-16 00:17:15.5800|0|INFO|Quartz.Core.QuartzScheduler|Scheduler meta-data: Quartz Scheduler (v3.3.2.0) 'DefaultQuartzScheduler' with instanceId 'NON_CLUSTERED'
  Scheduler class: 'Quartz.Core.QuartzScheduler' - running locally.
  NOT STARTED.
  Currently in standby mode.
  Number of jobs executed: 0
  Using thread pool 'Quartz.Simpl.DefaultThreadPool' - with 10 threads.
  Using job-store 'Quartz.Simpl.RAMJobStore' - which does not support persistence. and is not clustered.
 
2021-07-16 00:17:15.5800|0|INFO|Quartz.Impl.StdSchedulerFactory|Quartz scheduler 'DefaultQuartzScheduler' initialized 
2021-07-16 00:17:15.5800|0|INFO|Quartz.Impl.StdSchedulerFactory|Quartz scheduler version: 3.3.2.0 
2021-07-16 00:17:15.6433|0|INFO|Quartz.Core.QuartzScheduler|Scheduler DefaultQuartzScheduler_$_NON_CLUSTERED started. 
2021-07-16 00:17:25.9588|0|INFO|Gamemode.Models.Player.IdsCache|Loaded player ids to cache. dynamic_id=2, static_id=4 
2021-07-16 00:17:25.9588|0|INFO|Gamemode.Models.Player.AdminsCache|Loaded admin to cache. static_id=4 
2021-07-16 00:17:25.9835|0|INFO|Gamemode.Models.Player.FractionsCache|Loaded fraction member to cache. static_id=4 
2021-07-16 00:17:25.9892|0|INFO|Gamemode.Models.Player.InventoryWeapons|Added weapon to inventory. weapon_hash=Microsmg 
2021-07-16 00:17:25.9892|0|INFO|Gamemode.Models.Player.InventoryWeapons|Added weapon to inventory. weapon_hash=Knuckle 
2021-07-16 00:17:25.9892|0|INFO|Gamemode.Models.Player.InventoryWeapons|Added weapon to inventory. weapon_hash=Flare 
2021-07-16 00:17:25.9892|0|INFO|Gamemode.Models.Player.InventoryWeapons|Added weapon to inventory. weapon_hash=Pumpshotgun 
2021-07-16 00:17:25.9892|0|INFO|Gamemode.Models.Player.InventoryWeapons|Added weapon to inventory. weapon_hash=Pistol 
2021-07-16 00:17:25.9892|0|INFO|Gamemode.Models.Player.CustomPlayer|Loaded player to cache. ID=4 
2021-07-16 00:17:28.6572|0|INFO|Gamemode.Models.Player.IdsCache|Loaded player ids to cache. dynamic_id=1, static_id=9 
2021-07-16 00:17:28.6572|0|INFO|Gamemode.Models.Player.AdminsCache|Loaded admin to cache. static_id=9 
2021-07-16 00:17:28.6572|0|INFO|Gamemode.Models.Player.FractionsCache|Loaded fraction member to cache. static_id=9 
2021-07-16 00:17:28.6572|0|INFO|Gamemode.Models.Player.InventoryWeapons|Added weapon to inventory. weapon_hash=Microsmg 
2021-07-16 00:17:28.6572|0|INFO|Gamemode.Models.Player.InventoryWeapons|Added weapon to inventory. weapon_hash=Knuckle 
2021-07-16 00:17:28.6572|0|INFO|Gamemode.Models.Player.InventoryWeapons|Added weapon to inventory. weapon_hash=Flare 
2021-07-16 00:17:28.6572|0|INFO|Gamemode.Models.Player.InventoryWeapons|Added weapon to inventory. weapon_hash=Pumpshotgun 
2021-07-16 00:17:28.6572|0|INFO|Gamemode.Models.Player.InventoryWeapons|Added weapon to inventory. weapon_hash=Pistol 
2021-07-16 00:17:28.6572|0|INFO|Gamemode.Models.Player.CustomPlayer|Loaded player to cache. ID=9 
2021-07-16 00:19:31.1500|0|INFO|BaseLogger|Successfully inited Rollbar on development 
2021-07-16 00:19:31.9743|0|INFO|Quartz.Impl.StdSchedulerFactory|Default Quartz.NET properties loaded from embedded resource file 
2021-07-16 00:19:32.1652|0|INFO|Quartz.Core.SchedulerSignalerImpl|Initialized Scheduler Signaller of type: Quartz.Core.SchedulerSignalerImpl 
2021-07-16 00:19:32.1652|0|INFO|Quartz.Core.QuartzScheduler|Quartz Scheduler v.3.3.2.0 created. 
2021-07-16 00:19:32.1900|0|INFO|Quartz.Simpl.RAMJobStore|RAMJobStore initialized. 
2021-07-16 00:19:32.2025|0|INFO|Quartz.Core.QuartzScheduler|Scheduler meta-data: Quartz Scheduler (v3.3.2.0) 'DefaultQuartzScheduler' with instanceId 'NON_CLUSTERED'
  Scheduler class: 'Quartz.Core.QuartzScheduler' - running locally.
  NOT STARTED.
  Currently in standby mode.
  Number of jobs executed: 0
  Using thread pool 'Quartz.Simpl.DefaultThreadPool' - with 10 threads.
  Using job-store 'Quartz.Simpl.RAMJobStore' - which does not support persistence. and is not clustered.
 
2021-07-16 00:19:32.2025|0|INFO|Quartz.Impl.StdSchedulerFactory|Quartz scheduler 'DefaultQuartzScheduler' initialized 
2021-07-16 00:19:32.2025|0|INFO|Quartz.Impl.StdSchedulerFactory|Quartz scheduler version: 3.3.2.0 
2021-07-16 00:19:32.2263|0|INFO|Quartz.Core.QuartzScheduler|Scheduler DefaultQuartzScheduler_$_NON_CLUSTERED started. 
2021-07-16 00:19:43.7715|0|INFO|Gamemode.Models.Player.IdsCache|Loaded player ids to cache. dynamic_id=1, static_id=4 
2021-07-16 00:19:43.7774|0|INFO|Gamemode.Models.Player.AdminsCache|Loaded admin to cache. static_id=4 
2021-07-16 00:19:43.7887|0|INFO|Gamemode.Models.Player.FractionsCache|Loaded fraction member to cache. static_id=4 
2021-07-16 00:19:43.7887|0|INFO|Gamemode.Models.Player.InventoryWeapons|Added weapon to inventory. weapon_hash=Microsmg 
2021-07-16 00:19:43.7887|0|INFO|Gamemode.Models.Player.InventoryWeapons|Added weapon to inventory. weapon_hash=Knuckle 
2021-07-16 00:19:43.7887|0|INFO|Gamemode.Models.Player.InventoryWeapons|Added weapon to inventory. weapon_hash=Flare 
2021-07-16 00:19:43.7887|0|INFO|Gamemode.Models.Player.InventoryWeapons|Added weapon to inventory. weapon_hash=Pumpshotgun 
2021-07-16 00:19:43.7887|0|INFO|Gamemode.Models.Player.InventoryWeapons|Added weapon to inventory. weapon_hash=Pistol 
2021-07-16 00:19:43.7887|0|INFO|Gamemode.Models.Player.CustomPlayer|Loaded player to cache. ID=4 
2021-07-16 00:19:46.6674|0|INFO|Gamemode.Models.Player.IdsCache|Loaded player ids to cache. dynamic_id=2, static_id=9 
2021-07-16 00:19:46.6674|0|INFO|Gamemode.Models.Player.AdminsCache|Loaded admin to cache. static_id=9 
2021-07-16 00:19:46.6674|0|INFO|Gamemode.Models.Player.FractionsCache|Loaded fraction member to cache. static_id=9 
2021-07-16 00:19:46.6674|0|INFO|Gamemode.Models.Player.InventoryWeapons|Added weapon to inventory. weapon_hash=Microsmg 
2021-07-16 00:19:46.6674|0|INFO|Gamemode.Models.Player.InventoryWeapons|Added weapon to inventory. weapon_hash=Knuckle 
2021-07-16 00:19:46.6674|0|INFO|Gamemode.Models.Player.InventoryWeapons|Added weapon to inventory. weapon_hash=Flare 
2021-07-16 00:19:46.6674|0|INFO|Gamemode.Models.Player.InventoryWeapons|Added weapon to inventory. weapon_hash=Pumpshotgun 
2021-07-16 00:19:46.6674|0|INFO|Gamemode.Models.Player.InventoryWeapons|Added weapon to inventory. weapon_hash=Pistol 
2021-07-16 00:19:46.6674|0|INFO|Gamemode.Models.Player.CustomPlayer|Loaded player to cache. ID=9 
2021-07-16 00:20:23.1085|0|INFO|Gamemode.Models.Player.IdsCache|Loaded player ids to cache. dynamic_id=0, static_id=29 
2021-07-16 00:20:23.1085|0|INFO|Gamemode.Models.Player.CustomPlayer|Loaded player to cache. ID=29 
2021-07-16 00:22:10.9174|0|INFO|BaseLogger|Successfully inited Rollbar on development 
2021-07-16 00:22:11.7643|0|INFO|Quartz.Impl.StdSchedulerFactory|Default Quartz.NET properties loaded from embedded resource file 
2021-07-16 00:22:11.9665|0|INFO|Quartz.Core.SchedulerSignalerImpl|Initialized Scheduler Signaller of type: Quartz.Core.SchedulerSignalerImpl 
2021-07-16 00:22:11.9671|0|INFO|Quartz.Core.QuartzScheduler|Quartz Scheduler v.3.3.2.0 created. 
2021-07-16 00:22:11.9872|0|INFO|Quartz.Simpl.RAMJobStore|RAMJobStore initialized. 
2021-07-16 00:22:11.9872|0|INFO|Quartz.Core.QuartzScheduler|Scheduler meta-data: Quartz Scheduler (v3.3.2.0) 'DefaultQuartzScheduler' with instanceId 'NON_CLUSTERED'
  Scheduler class: 'Quartz.Core.QuartzScheduler' - running locally.
  NOT STARTED.
  Currently in standby mode.
  Number of jobs executed: 0
  Using thread pool 'Quartz.Simpl.DefaultThreadPool' - with 10 threads.
  Using job-store 'Quartz.Simpl.RAMJobStore' - which does not support persistence. and is not clustered.
 
2021-07-16 00:22:11.9872|0|INFO|Quartz.Impl.StdSchedulerFactory|Quartz scheduler 'DefaultQuartzScheduler' initialized 
2021-07-16 00:22:11.9872|0|INFO|Quartz.Impl.StdSchedulerFactory|Quartz scheduler version: 3.3.2.0 
2021-07-16 00:22:12.0593|0|INFO|Quartz.Core.QuartzScheduler|Scheduler DefaultQuartzScheduler_$_NON_CLUSTERED started. 
2021-07-16 00:22:25.8272|0|INFO|Gamemode.Models.Player.IdsCache|Loaded player ids to cache. dynamic_id=2, static_id=4 
2021-07-16 00:22:25.8272|0|INFO|Gamemode.Models.Player.AdminsCache|Loaded admin to cache. static_id=4 
2021-07-16 00:22:25.8577|0|INFO|Gamemode.Models.Player.FractionsCache|Loaded fraction member to cache. static_id=4 
2021-07-16 00:22:25.8700|0|INFO|Gamemode.Models.Player.InventoryWeapons|Added weapon to inventory. weapon_hash=Microsmg 
2021-07-16 00:22:25.8700|0|INFO|Gamemode.Models.Player.InventoryWeapons|Added weapon to inventory. weapon_hash=Knuckle 
2021-07-16 00:22:25.8700|0|INFO|Gamemode.Models.Player.InventoryWeapons|Added weapon to inventory. weapon_hash=Flare 
2021-07-16 00:22:25.8700|0|INFO|Gamemode.Models.Player.InventoryWeapons|Added weapon to inventory. weapon_hash=Pumpshotgun 
2021-07-16 00:22:25.8700|0|INFO|Gamemode.Models.Player.InventoryWeapons|Added weapon to inventory. weapon_hash=Pistol 
2021-07-16 00:22:25.8700|0|INFO|Gamemode.Models.Player.CustomPlayer|Loaded player to cache. ID=4 
2021-07-16 00:22:28.6150|0|INFO|Gamemode.Models.Player.IdsCache|Loaded player ids to cache. dynamic_id=1, static_id=9 
2021-07-16 00:22:28.6150|0|INFO|Gamemode.Models.Player.AdminsCache|Loaded admin to cache. static_id=9 
2021-07-16 00:22:28.6150|0|INFO|Gamemode.Models.Player.FractionsCache|Loaded fraction member to cache. static_id=9 
2021-07-16 00:22:28.6150|0|INFO|Gamemode.Models.Player.InventoryWeapons|Added weapon to inventory. weapon_hash=Microsmg 
2021-07-16 00:22:28.6150|0|INFO|Gamemode.Models.Player.InventoryWeapons|Added weapon to inventory. weapon_hash=Knuckle 
2021-07-16 00:22:28.6150|0|INFO|Gamemode.Models.Player.InventoryWeapons|Added weapon to inventory. weapon_hash=Flare 
2021-07-16 00:22:28.6150|0|INFO|Gamemode.Models.Player.InventoryWeapons|Added weapon to inventory. weapon_hash=Pumpshotgun 
2021-07-16 00:22:28.6150|0|INFO|Gamemode.Models.Player.InventoryWeapons|Added weapon to inventory. weapon_hash=Pistol 
2021-07-16 00:22:28.6150|0|INFO|Gamemode.Models.Player.CustomPlayer|Loaded player to cache. ID=9 
2021-07-16 00:22:41.0302|0|INFO|Gamemode.Models.Player.IdsCache|Loaded player ids to cache. dynamic_id=0, static_id=29 
2021-07-16 00:22:41.0302|0|INFO|Gamemode.Models.Player.CustomPlayer|Loaded player to cache. ID=29 
2021-07-16 00:23:12.5776|0|WARN|AdminCommand|Administrator asdasds created vehicle BULLET 
2021-07-16 00:26:18.3367|0|WARN|AdminCommand|Administrator asdasds created vehicle BULLET 
2021-07-16 00:34:02.3829|0|INFO|BaseLogger|Successfully inited Rollbar on development 
2021-07-16 00:34:03.0555|0|INFO|Quartz.Impl.StdSchedulerFactory|Default Quartz.NET properties loaded from embedded resource file 
2021-07-16 00:34:03.2436|0|INFO|Quartz.Core.SchedulerSignalerImpl|Initialized Scheduler Signaller of type: Quartz.Core.SchedulerSignalerImpl 
2021-07-16 00:34:03.2436|0|INFO|Quartz.Core.QuartzScheduler|Quartz Scheduler v.3.3.2.0 created. 
2021-07-16 00:34:03.2649|0|INFO|Quartz.Simpl.RAMJobStore|RAMJobStore initialized. 
2021-07-16 00:34:03.2746|0|INFO|Quartz.Core.QuartzScheduler|Scheduler meta-data: Quartz Scheduler (v3.3.2.0) 'DefaultQuartzScheduler' with instanceId 'NON_CLUSTERED'
  Scheduler class: 'Quartz.Core.QuartzScheduler' - running locally.
  NOT STARTED.
  Currently in standby mode.
  Number of jobs executed: 0
  Using thread pool 'Quartz.Simpl.DefaultThreadPool' - with 10 threads.
  Using job-store 'Quartz.Simpl.RAMJobStore' - which does not support persistence. and is not clustered.
 
2021-07-16 00:34:03.2746|0|INFO|Quartz.Impl.StdSchedulerFactory|Quartz scheduler 'DefaultQuartzScheduler' initialized 
2021-07-16 00:34:03.2746|0|INFO|Quartz.Impl.StdSchedulerFactory|Quartz scheduler version: 3.3.2.0 
2021-07-16 00:34:03.2992|0|INFO|Quartz.Core.QuartzScheduler|Scheduler DefaultQuartzScheduler_$_NON_CLUSTERED started. 
2021-07-16 00:35:24.3940|0|INFO|Gamemode.Models.Player.IdsCache|Loaded player ids to cache. dynamic_id=1, static_id=4 
2021-07-16 00:35:24.4113|0|INFO|Gamemode.Models.Player.AdminsCache|Loaded admin to cache. static_id=4 
2021-07-16 00:35:24.4264|0|INFO|Gamemode.Models.Player.FractionsCache|Loaded fraction member to cache. static_id=4 
2021-07-16 00:35:24.4334|0|INFO|Gamemode.Models.Player.InventoryWeapons|Added weapon to inventory. weapon_hash=Microsmg 
2021-07-16 00:35:24.4334|0|INFO|Gamemode.Models.Player.InventoryWeapons|Added weapon to inventory. weapon_hash=Knuckle 
2021-07-16 00:35:24.4334|0|INFO|Gamemode.Models.Player.InventoryWeapons|Added weapon to inventory. weapon_hash=Flare 
2021-07-16 00:35:24.4334|0|INFO|Gamemode.Models.Player.InventoryWeapons|Added weapon to inventory. weapon_hash=Pumpshotgun 
2021-07-16 00:35:24.4334|0|INFO|Gamemode.Models.Player.InventoryWeapons|Added weapon to inventory. weapon_hash=Pistol 
2021-07-16 00:35:24.4334|0|INFO|Gamemode.Models.Player.CustomPlayer|Loaded player to cache. ID=4 
2021-07-16 00:35:27.5056|0|INFO|Gamemode.Models.Player.IdsCache|Loaded player ids to cache. dynamic_id=0, static_id=9 
2021-07-16 00:35:27.5056|0|INFO|Gamemode.Models.Player.AdminsCache|Loaded admin to cache. static_id=9 
2021-07-16 00:35:27.5056|0|INFO|Gamemode.Models.Player.FractionsCache|Loaded fraction member to cache. static_id=9 
2021-07-16 00:35:27.5056|0|INFO|Gamemode.Models.Player.InventoryWeapons|Added weapon to inventory. weapon_hash=Microsmg 
2021-07-16 00:35:27.5056|0|INFO|Gamemode.Models.Player.InventoryWeapons|Added weapon to inventory. weapon_hash=Knuckle 
2021-07-16 00:35:27.5056|0|INFO|Gamemode.Models.Player.InventoryWeapons|Added weapon to inventory. weapon_hash=Flare 
2021-07-16 00:35:27.5056|0|INFO|Gamemode.Models.Player.InventoryWeapons|Added weapon to inventory. weapon_hash=Pumpshotgun 
2021-07-16 00:35:27.5056|0|INFO|Gamemode.Models.Player.InventoryWeapons|Added weapon to inventory. weapon_hash=Pistol 
2021-07-16 00:35:27.5056|0|INFO|Gamemode.Models.Player.CustomPlayer|Loaded player to cache. ID=9 
2021-07-16 00:35:30.4047|0|INFO|Gamemode.Models.Player.IdsCache|Loaded player ids to cache. dynamic_id=2, static_id=29 
2021-07-16 00:35:30.4047|0|INFO|Gamemode.Models.Player.CustomPlayer|Loaded player to cache. ID=29 
2021-07-16 00:36:01.9328|0|WARN|AdminCommand|Administrator asdasds created vehicle BULLET 
2021-07-16 00:36:05.0153|0|WARN|AdminCommand|Administrator asdasds created vehicle BULLET 
2021-07-16 00:57:02.2278|0|INFO|BaseLogger|Successfully inited Rollbar on development 
2021-07-16 00:57:02.7520|0|INFO|Quartz.Impl.StdSchedulerFactory|Default Quartz.NET properties loaded from embedded resource file 
2021-07-16 00:57:02.8499|0|INFO|Quartz.Core.SchedulerSignalerImpl|Initialized Scheduler Signaller of type: Quartz.Core.SchedulerSignalerImpl 
2021-07-16 00:57:02.8499|0|INFO|Quartz.Core.QuartzScheduler|Quartz Scheduler v.3.3.2.0 created. 
2021-07-16 00:57:02.8691|0|INFO|Quartz.Simpl.RAMJobStore|RAMJobStore initialized. 
2021-07-16 00:57:02.8691|0|INFO|Quartz.Core.QuartzScheduler|Scheduler meta-data: Quartz Scheduler (v3.3.2.0) 'DefaultQuartzScheduler' with instanceId 'NON_CLUSTERED'
  Scheduler class: 'Quartz.Core.QuartzScheduler' - running locally.
  NOT STARTED.
  Currently in standby mode.
  Number of jobs executed: 0
  Using thread pool 'Quartz.Simpl.DefaultThreadPool' - with 10 threads.
  Using job-store 'Quartz.Simpl.RAMJobStore' - which does not support persistence. and is not clustered.
 
2021-07-16 00:57:02.8691|0|INFO|Quartz.Impl.StdSchedulerFactory|Quartz scheduler 'DefaultQuartzScheduler' initialized 
2021-07-16 00:57:02.8691|0|INFO|Quartz.Impl.StdSchedulerFactory|Quartz scheduler version: 3.3.2.0 
2021-07-16 00:57:02.8886|0|INFO|Quartz.Core.QuartzScheduler|Scheduler DefaultQuartzScheduler_$_NON_CLUSTERED started. 
2021-07-16 00:57:22.5384|0|INFO|Gamemode.Models.Player.IdsCache|Loaded player ids to cache. dynamic_id=1, static_id=4 
2021-07-16 00:57:22.5384|0|INFO|Gamemode.Models.Player.AdminsCache|Loaded admin to cache. static_id=4 
2021-07-16 00:57:22.5646|0|INFO|Gamemode.Models.Player.FractionsCache|Loaded fraction member to cache. static_id=4 
2021-07-16 00:57:22.5790|0|INFO|Gamemode.Models.Player.InventoryWeapons|Added weapon to inventory. weapon_hash=Microsmg 
2021-07-16 00:57:22.5790|0|INFO|Gamemode.Models.Player.InventoryWeapons|Added weapon to inventory. weapon_hash=Knuckle 
2021-07-16 00:57:22.5790|0|INFO|Gamemode.Models.Player.InventoryWeapons|Added weapon to inventory. weapon_hash=Flare 
2021-07-16 00:57:22.5790|0|INFO|Gamemode.Models.Player.InventoryWeapons|Added weapon to inventory. weapon_hash=Pumpshotgun 
2021-07-16 00:57:22.5790|0|INFO|Gamemode.Models.Player.InventoryWeapons|Added weapon to inventory. weapon_hash=Pistol 
2021-07-16 00:57:22.5790|0|INFO|Gamemode.Models.Player.CustomPlayer|Loaded player to cache. ID=4 
2021-07-16 00:57:25.7041|0|INFO|Gamemode.Models.Player.IdsCache|Loaded player ids to cache. dynamic_id=0, static_id=9 
2021-07-16 00:57:25.7041|0|INFO|Gamemode.Models.Player.AdminsCache|Loaded admin to cache. static_id=9 
2021-07-16 00:57:25.7041|0|INFO|Gamemode.Models.Player.FractionsCache|Loaded fraction member to cache. static_id=9 
2021-07-16 00:57:25.7041|0|INFO|Gamemode.Models.Player.InventoryWeapons|Added weapon to inventory. weapon_hash=Microsmg 
2021-07-16 00:57:25.7041|0|INFO|Gamemode.Models.Player.InventoryWeapons|Added weapon to inventory. weapon_hash=Knuckle 
2021-07-16 00:57:25.7041|0|INFO|Gamemode.Models.Player.InventoryWeapons|Added weapon to inventory. weapon_hash=Flare 
2021-07-16 00:57:25.7041|0|INFO|Gamemode.Models.Player.InventoryWeapons|Added weapon to inventory. weapon_hash=Pumpshotgun 
2021-07-16 00:57:25.7041|0|INFO|Gamemode.Models.Player.InventoryWeapons|Added weapon to inventory. weapon_hash=Pistol 
2021-07-16 00:57:25.7041|0|INFO|Gamemode.Models.Player.CustomPlayer|Loaded player to cache. ID=9 
2021-07-16 00:57:53.2346|0|WARN|AdminCommand|Administrator asdasds created vehicle BULLET 
2021-07-16 00:58:08.5040|0|WARN|AdminCommand|Administrator asdasds created vehicle BULLET 
2021-07-16 00:58:29.2720|0|WARN|AdminCommand|Administrator tests created vehicle BULLET 
2021-07-16 00:58:42.8235|0|INFO|Gamemode.Models.Player.IdsCache|Loaded player ids to cache. dynamic_id=2, static_id=29 
2021-07-16 00:58:42.8235|0|INFO|Gamemode.Models.Player.CustomPlayer|Loaded player to cache. ID=29 
2021-07-16 01:05:51.6392|0|INFO|BaseLogger|Successfully inited Rollbar on development 
2021-07-16 01:05:52.5322|0|INFO|Quartz.Impl.StdSchedulerFactory|Default Quartz.NET properties loaded from embedded resource file 
2021-07-16 01:05:52.7559|0|INFO|Quartz.Core.SchedulerSignalerImpl|Initialized Scheduler Signaller of type: Quartz.Core.SchedulerSignalerImpl 
2021-07-16 01:05:52.7559|0|INFO|Quartz.Core.QuartzScheduler|Quartz Scheduler v.3.3.2.0 created. 
2021-07-16 01:05:52.7721|0|INFO|Quartz.Simpl.RAMJobStore|RAMJobStore initialized. 
2021-07-16 01:05:52.7771|0|INFO|Quartz.Core.QuartzScheduler|Scheduler meta-data: Quartz Scheduler (v3.3.2.0) 'DefaultQuartzScheduler' with instanceId 'NON_CLUSTERED'
  Scheduler class: 'Quartz.Core.QuartzScheduler' - running locally.
  NOT STARTED.
  Currently in standby mode.
  Number of jobs executed: 0
  Using thread pool 'Quartz.Simpl.DefaultThreadPool' - with 10 threads.
  Using job-store 'Quartz.Simpl.RAMJobStore' - which does not support persistence. and is not clustered.
 
2021-07-16 01:05:52.7771|0|INFO|Quartz.Impl.StdSchedulerFactory|Quartz scheduler 'DefaultQuartzScheduler' initialized 
2021-07-16 01:05:52.7771|0|INFO|Quartz.Impl.StdSchedulerFactory|Quartz scheduler version: 3.3.2.0 
2021-07-16 01:05:52.8202|0|INFO|Quartz.Core.QuartzScheduler|Scheduler DefaultQuartzScheduler_$_NON_CLUSTERED started. 
2021-07-16 01:06:20.4179|0|INFO|Gamemode.Models.Player.IdsCache|Loaded player ids to cache. dynamic_id=0, static_id=4 
2021-07-16 01:06:20.4179|0|INFO|Gamemode.Models.Player.AdminsCache|Loaded admin to cache. static_id=4 
2021-07-16 01:06:20.4354|0|INFO|Gamemode.Models.Player.FractionsCache|Loaded fraction member to cache. static_id=4 
2021-07-16 01:06:20.4402|0|INFO|Gamemode.Models.Player.InventoryWeapons|Added weapon to inventory. weapon_hash=Microsmg 
2021-07-16 01:06:20.4402|0|INFO|Gamemode.Models.Player.InventoryWeapons|Added weapon to inventory. weapon_hash=Knuckle 
2021-07-16 01:06:20.4402|0|INFO|Gamemode.Models.Player.InventoryWeapons|Added weapon to inventory. weapon_hash=Flare 
2021-07-16 01:06:20.4402|0|INFO|Gamemode.Models.Player.InventoryWeapons|Added weapon to inventory. weapon_hash=Pumpshotgun 
2021-07-16 01:06:20.4402|0|INFO|Gamemode.Models.Player.InventoryWeapons|Added weapon to inventory. weapon_hash=Pistol 
2021-07-16 01:06:20.4402|0|INFO|Gamemode.Models.Player.CustomPlayer|Loaded player to cache. ID=4 
2021-07-16 01:06:23.1750|0|INFO|Gamemode.Models.Player.IdsCache|Loaded player ids to cache. dynamic_id=1, static_id=9 
2021-07-16 01:06:23.1750|0|INFO|Gamemode.Models.Player.AdminsCache|Loaded admin to cache. static_id=9 
2021-07-16 01:06:23.1750|0|INFO|Gamemode.Models.Player.FractionsCache|Loaded fraction member to cache. static_id=9 
2021-07-16 01:06:23.1750|0|INFO|Gamemode.Models.Player.InventoryWeapons|Added weapon to inventory. weapon_hash=Microsmg 
2021-07-16 01:06:23.1750|0|INFO|Gamemode.Models.Player.InventoryWeapons|Added weapon to inventory. weapon_hash=Knuckle 
2021-07-16 01:06:23.1750|0|INFO|Gamemode.Models.Player.InventoryWeapons|Added weapon to inventory. weapon_hash=Flare 
2021-07-16 01:06:23.1750|0|INFO|Gamemode.Models.Player.InventoryWeapons|Added weapon to inventory. weapon_hash=Pumpshotgun 
2021-07-16 01:06:23.1750|0|INFO|Gamemode.Models.Player.InventoryWeapons|Added weapon to inventory. weapon_hash=Pistol 
2021-07-16 01:06:23.1750|0|INFO|Gamemode.Models.Player.CustomPlayer|Loaded player to cache. ID=9 
2021-07-16 01:07:26.2506|0|WARN|AdminCommand|Administrator asdasds created vehicle BULLET 
2021-07-16 01:07:39.9225|0|INFO|Gamemode.Models.Player.IdsCache|Loaded player ids to cache. dynamic_id=2, static_id=29 
2021-07-16 01:07:39.9225|0|INFO|Gamemode.Models.Player.CustomPlayer|Loaded player to cache. ID=29 
2021-07-16 01:12:32.1360|0|INFO|BaseLogger|Successfully inited Rollbar on development 
2021-07-16 01:12:32.9865|0|INFO|Quartz.Impl.StdSchedulerFactory|Default Quartz.NET properties loaded from embedded resource file 
2021-07-16 01:12:33.1734|0|INFO|Quartz.Core.SchedulerSignalerImpl|Initialized Scheduler Signaller of type: Quartz.Core.SchedulerSignalerImpl 
2021-07-16 01:12:33.1734|0|INFO|Quartz.Core.QuartzScheduler|Quartz Scheduler v.3.3.2.0 created. 
2021-07-16 01:12:33.2255|0|INFO|Quartz.Simpl.RAMJobStore|RAMJobStore initialized. 
2021-07-16 01:12:33.2368|0|INFO|Quartz.Core.QuartzScheduler|Scheduler meta-data: Quartz Scheduler (v3.3.2.0) 'DefaultQuartzScheduler' with instanceId 'NON_CLUSTERED'
  Scheduler class: 'Quartz.Core.QuartzScheduler' - running locally.
  NOT STARTED.
  Currently in standby mode.
  Number of jobs executed: 0
  Using thread pool 'Quartz.Simpl.DefaultThreadPool' - with 10 threads.
  Using job-store 'Quartz.Simpl.RAMJobStore' - which does not support persistence. and is not clustered.
 
2021-07-16 01:12:33.2393|0|INFO|Quartz.Impl.StdSchedulerFactory|Quartz scheduler 'DefaultQuartzScheduler' initialized 
2021-07-16 01:12:33.2393|0|INFO|Quartz.Impl.StdSchedulerFactory|Quartz scheduler version: 3.3.2.0 
2021-07-16 01:12:33.2556|0|INFO|Quartz.Core.QuartzScheduler|Scheduler DefaultQuartzScheduler_$_NON_CLUSTERED started. 
2021-07-16 01:13:04.4008|0|INFO|Gamemode.Models.Player.IdsCache|Loaded player ids to cache. dynamic_id=1, static_id=4 
2021-07-16 01:13:04.4090|0|INFO|Gamemode.Models.Player.AdminsCache|Loaded admin to cache. static_id=4 
2021-07-16 01:13:04.4267|0|INFO|Gamemode.Models.Player.FractionsCache|Loaded fraction member to cache. static_id=4 
2021-07-16 01:13:04.4337|0|INFO|Gamemode.Models.Player.InventoryWeapons|Added weapon to inventory. weapon_hash=Microsmg 
2021-07-16 01:13:04.4337|0|INFO|Gamemode.Models.Player.InventoryWeapons|Added weapon to inventory. weapon_hash=Knuckle 
2021-07-16 01:13:04.4337|0|INFO|Gamemode.Models.Player.InventoryWeapons|Added weapon to inventory. weapon_hash=Flare 
2021-07-16 01:13:04.4337|0|INFO|Gamemode.Models.Player.InventoryWeapons|Added weapon to inventory. weapon_hash=Pumpshotgun 
2021-07-16 01:13:04.4337|0|INFO|Gamemode.Models.Player.InventoryWeapons|Added weapon to inventory. weapon_hash=Pistol 
2021-07-16 01:13:04.4337|0|INFO|Gamemode.Models.Player.CustomPlayer|Loaded player to cache. ID=4 
2021-07-16 01:13:06.7828|0|INFO|Gamemode.Models.Player.IdsCache|Loaded player ids to cache. dynamic_id=0, static_id=9 
2021-07-16 01:13:06.7828|0|INFO|Gamemode.Models.Player.AdminsCache|Loaded admin to cache. static_id=9 
2021-07-16 01:13:06.7828|0|INFO|Gamemode.Models.Player.FractionsCache|Loaded fraction member to cache. static_id=9 
2021-07-16 01:13:06.7828|0|INFO|Gamemode.Models.Player.InventoryWeapons|Added weapon to inventory. weapon_hash=Microsmg 
2021-07-16 01:13:06.7828|0|INFO|Gamemode.Models.Player.InventoryWeapons|Added weapon to inventory. weapon_hash=Knuckle 
2021-07-16 01:13:06.7828|0|INFO|Gamemode.Models.Player.InventoryWeapons|Added weapon to inventory. weapon_hash=Flare 
2021-07-16 01:13:06.7828|0|INFO|Gamemode.Models.Player.InventoryWeapons|Added weapon to inventory. weapon_hash=Pumpshotgun 
2021-07-16 01:13:06.7828|0|INFO|Gamemode.Models.Player.InventoryWeapons|Added weapon to inventory. weapon_hash=Pistol 
2021-07-16 01:13:06.7828|0|INFO|Gamemode.Models.Player.CustomPlayer|Loaded player to cache. ID=9 
2021-07-16 01:13:21.3711|0|WARN|AdminCommand|Administrator asdasds created vehicle BULLET 
2021-07-16 01:13:25.8714|0|WARN|AdminCommand|Administrator asdasds created vehicle BULLET 
2021-07-16 01:13:43.9775|0|INFO|Gamemode.Models.Player.IdsCache|Loaded player ids to cache. dynamic_id=2, static_id=29 
2021-07-16 01:13:43.9775|0|INFO|Gamemode.Models.Player.CustomPlayer|Loaded player to cache. ID=29 
2021-07-16 01:14:37.8392|0|INFO|Gamemode.Models.Player.AdminsCache|Unloaded admin from cache. static_id=4 
2021-07-16 01:14:37.8392|0|INFO|Gamemode.Models.Player.FractionsCache|Unloaded fraction member from cache. static_id=4 
2021-07-16 01:14:37.8392|0|INFO|Gamemode.Models.Player.IdsCache|Unloaded player ids from cache. dynamic_id=1 
2021-07-16 01:14:37.8392|0|INFO|Gamemode.Models.Player.CustomPlayer|Unloaded player from cache. ID=4 
2021-07-16 01:14:42.1022|0|INFO|Gamemode.Models.Player.IdsCache|Unloaded player ids from cache. dynamic_id=2 
2021-07-16 01:14:42.1022|0|INFO|Gamemode.Models.Player.CustomPlayer|Unloaded player from cache. ID=29 
2021-07-16 01:14:48.3694|0|INFO|Gamemode.Models.Player.AdminsCache|Unloaded admin from cache. static_id=9 
2021-07-16 01:14:48.3694|0|INFO|Gamemode.Models.Player.FractionsCache|Unloaded fraction member from cache. static_id=9 
2021-07-16 01:14:48.3694|0|INFO|Gamemode.Models.Player.IdsCache|Unloaded player ids from cache. dynamic_id=0 
2021-07-16 01:14:48.3694|0|INFO|Gamemode.Models.Player.CustomPlayer|Unloaded player from cache. ID=9 
2021-07-16 11:16:50.7800|0|INFO|BaseLogger|Successfully inited Rollbar on development 
2021-07-16 11:16:51.0228|0|INFO|Quartz.Impl.StdSchedulerFactory|Default Quartz.NET properties loaded from embedded resource file 
2021-07-16 11:16:51.0701|0|INFO|Quartz.Core.SchedulerSignalerImpl|Initialized Scheduler Signaller of type: Quartz.Core.SchedulerSignalerImpl 
2021-07-16 11:16:51.0701|0|INFO|Quartz.Core.QuartzScheduler|Quartz Scheduler v.3.3.2.0 created. 
2021-07-16 11:16:51.0788|0|INFO|Quartz.Simpl.RAMJobStore|RAMJobStore initialized. 
2021-07-16 11:16:51.0788|0|INFO|Quartz.Core.QuartzScheduler|Scheduler meta-data: Quartz Scheduler (v3.3.2.0) 'DefaultQuartzScheduler' with instanceId 'NON_CLUSTERED'
  Scheduler class: 'Quartz.Core.QuartzScheduler' - running locally.
  NOT STARTED.
  Currently in standby mode.
  Number of jobs executed: 0
  Using thread pool 'Quartz.Simpl.DefaultThreadPool' - with 10 threads.
  Using job-store 'Quartz.Simpl.RAMJobStore' - which does not support persistence. and is not clustered.
 
2021-07-16 11:16:51.0788|0|INFO|Quartz.Impl.StdSchedulerFactory|Quartz scheduler 'DefaultQuartzScheduler' initialized 
2021-07-16 11:16:51.0788|0|INFO|Quartz.Impl.StdSchedulerFactory|Quartz scheduler version: 3.3.2.0 
2021-07-16 11:16:51.0889|0|INFO|Quartz.Core.QuartzScheduler|Scheduler DefaultQuartzScheduler_$_NON_CLUSTERED started. 
2021-07-16 11:18:34.0337|0|INFO|Gamemode.Models.Player.IdsCache|Loaded player ids to cache. dynamic_id=0, static_id=4 
2021-07-16 11:18:34.0388|0|INFO|Gamemode.Models.Player.AdminsCache|Loaded admin to cache. static_id=4 
2021-07-16 11:18:34.0448|0|INFO|Gamemode.Models.Player.FractionsCache|Loaded fraction member to cache. static_id=4 
2021-07-16 11:18:34.0448|0|INFO|Gamemode.Models.Player.InventoryWeapons|Added weapon to inventory. weapon_hash=Microsmg 
2021-07-16 11:18:34.0448|0|INFO|Gamemode.Models.Player.InventoryWeapons|Added weapon to inventory. weapon_hash=Knuckle 
2021-07-16 11:18:34.0448|0|INFO|Gamemode.Models.Player.InventoryWeapons|Added weapon to inventory. weapon_hash=Flare 
2021-07-16 11:18:34.0448|0|INFO|Gamemode.Models.Player.InventoryWeapons|Added weapon to inventory. weapon_hash=Pumpshotgun 
2021-07-16 11:18:34.0448|0|INFO|Gamemode.Models.Player.InventoryWeapons|Added weapon to inventory. weapon_hash=Pistol 
2021-07-16 11:18:34.0448|0|INFO|Gamemode.Models.Player.CustomPlayer|Loaded player to cache. ID=4 
2021-07-16 11:18:39.9351|0|WARN|AdminCommand|Administrator tests created vehicle BULLET 
2021-07-16 11:18:54.2065|0|WARN|AdminCommand|Administrator tests created vehicle BULLET 
2021-07-16 11:20:46.8398|0|INFO|BaseLogger|Successfully inited Rollbar on development 
2021-07-16 11:20:47.4005|0|INFO|Quartz.Impl.StdSchedulerFactory|Default Quartz.NET properties loaded from embedded resource file 
2021-07-16 11:20:47.5162|0|INFO|Quartz.Core.SchedulerSignalerImpl|Initialized Scheduler Signaller of type: Quartz.Core.SchedulerSignalerImpl 
2021-07-16 11:20:47.5162|0|INFO|Quartz.Core.QuartzScheduler|Quartz Scheduler v.3.3.2.0 created. 
2021-07-16 11:20:47.5284|0|INFO|Quartz.Simpl.RAMJobStore|RAMJobStore initialized. 
2021-07-16 11:20:47.5284|0|INFO|Quartz.Core.QuartzScheduler|Scheduler meta-data: Quartz Scheduler (v3.3.2.0) 'DefaultQuartzScheduler' with instanceId 'NON_CLUSTERED'
  Scheduler class: 'Quartz.Core.QuartzScheduler' - running locally.
  NOT STARTED.
  Currently in standby mode.
  Number of jobs executed: 0
  Using thread pool 'Quartz.Simpl.DefaultThreadPool' - with 10 threads.
  Using job-store 'Quartz.Simpl.RAMJobStore' - which does not support persistence. and is not clustered.
 
2021-07-16 11:20:47.5354|0|INFO|Quartz.Impl.StdSchedulerFactory|Quartz scheduler 'DefaultQuartzScheduler' initialized 
2021-07-16 11:20:47.5354|0|INFO|Quartz.Impl.StdSchedulerFactory|Quartz scheduler version: 3.3.2.0 
2021-07-16 11:20:47.5514|0|INFO|Quartz.Core.QuartzScheduler|Scheduler DefaultQuartzScheduler_$_NON_CLUSTERED started. 
2021-07-16 11:20:57.6245|0|INFO|Gamemode.Models.Player.IdsCache|Loaded player ids to cache. dynamic_id=0, static_id=4 
2021-07-16 11:20:57.6302|0|INFO|Gamemode.Models.Player.AdminsCache|Loaded admin to cache. static_id=4 
2021-07-16 11:20:57.6361|0|INFO|Gamemode.Models.Player.FractionsCache|Loaded fraction member to cache. static_id=4 
2021-07-16 11:20:57.6361|0|INFO|Gamemode.Models.Player.InventoryWeapons|Added weapon to inventory. weapon_hash=Microsmg 
2021-07-16 11:20:57.6361|0|INFO|Gamemode.Models.Player.InventoryWeapons|Added weapon to inventory. weapon_hash=Knuckle 
2021-07-16 11:20:57.6361|0|INFO|Gamemode.Models.Player.InventoryWeapons|Added weapon to inventory. weapon_hash=Flare 
2021-07-16 11:20:57.6361|0|INFO|Gamemode.Models.Player.InventoryWeapons|Added weapon to inventory. weapon_hash=Pumpshotgun 
2021-07-16 11:20:57.6361|0|INFO|Gamemode.Models.Player.InventoryWeapons|Added weapon to inventory. weapon_hash=Pistol 
2021-07-16 11:20:57.6361|0|INFO|Gamemode.Models.Player.CustomPlayer|Loaded player to cache. ID=4 
2021-07-16 11:21:01.7809|0|WARN|AdminCommand|Administrator tests created vehicle BULLET 
2021-07-16 11:21:16.3342|0|WARN|AdminCommand|Administrator tests created vehicle BULLET 
2021-07-16 11:23:39.0831|0|INFO|BaseLogger|Successfully inited Rollbar on development 
2021-07-16 11:23:39.5800|0|INFO|Quartz.Impl.StdSchedulerFactory|Default Quartz.NET properties loaded from embedded resource file 
2021-07-16 11:23:39.7201|0|INFO|Quartz.Core.SchedulerSignalerImpl|Initialized Scheduler Signaller of type: Quartz.Core.SchedulerSignalerImpl 
2021-07-16 11:23:39.7201|0|INFO|Quartz.Core.QuartzScheduler|Quartz Scheduler v.3.3.2.0 created. 
2021-07-16 11:23:39.7322|0|INFO|Quartz.Simpl.RAMJobStore|RAMJobStore initialized. 
2021-07-16 11:23:39.7433|0|INFO|Quartz.Core.QuartzScheduler|Scheduler meta-data: Quartz Scheduler (v3.3.2.0) 'DefaultQuartzScheduler' with instanceId 'NON_CLUSTERED'
  Scheduler class: 'Quartz.Core.QuartzScheduler' - running locally.
  NOT STARTED.
  Currently in standby mode.
  Number of jobs executed: 0
  Using thread pool 'Quartz.Simpl.DefaultThreadPool' - with 10 threads.
  Using job-store 'Quartz.Simpl.RAMJobStore' - which does not support persistence. and is not clustered.
 
2021-07-16 11:23:39.7433|0|INFO|Quartz.Impl.StdSchedulerFactory|Quartz scheduler 'DefaultQuartzScheduler' initialized 
2021-07-16 11:23:39.7433|0|INFO|Quartz.Impl.StdSchedulerFactory|Quartz scheduler version: 3.3.2.0 
2021-07-16 11:23:39.7525|0|INFO|Quartz.Core.QuartzScheduler|Scheduler DefaultQuartzScheduler_$_NON_CLUSTERED started. 
2021-07-16 11:23:48.0389|0|INFO|Gamemode.Models.Player.IdsCache|Loaded player ids to cache. dynamic_id=0, static_id=4 
2021-07-16 11:23:48.0451|0|INFO|Gamemode.Models.Player.AdminsCache|Loaded admin to cache. static_id=4 
2021-07-16 11:23:48.0451|0|INFO|Gamemode.Models.Player.FractionsCache|Loaded fraction member to cache. static_id=4 
2021-07-16 11:23:48.0553|0|INFO|Gamemode.Models.Player.InventoryWeapons|Added weapon to inventory. weapon_hash=Microsmg 
2021-07-16 11:23:48.0553|0|INFO|Gamemode.Models.Player.InventoryWeapons|Added weapon to inventory. weapon_hash=Knuckle 
2021-07-16 11:23:48.0553|0|INFO|Gamemode.Models.Player.InventoryWeapons|Added weapon to inventory. weapon_hash=Flare 
2021-07-16 11:23:48.0553|0|INFO|Gamemode.Models.Player.InventoryWeapons|Added weapon to inventory. weapon_hash=Pumpshotgun 
2021-07-16 11:23:48.0553|0|INFO|Gamemode.Models.Player.InventoryWeapons|Added weapon to inventory. weapon_hash=Pistol 
2021-07-16 11:23:48.0553|0|INFO|Gamemode.Models.Player.CustomPlayer|Loaded player to cache. ID=4 
2021-07-16 11:23:53.2448|0|WARN|AdminCommand|Administrator tests created vehicle BULLET 
2021-07-16 11:24:14.8898|0|WARN|AdminCommand|Administrator tests created vehicle BULLET 
2021-07-16 11:33:54.4238|0|INFO|BaseLogger|Successfully inited Rollbar on development 
2021-07-16 11:33:55.0089|0|INFO|Quartz.Impl.StdSchedulerFactory|Default Quartz.NET properties loaded from embedded resource file 
2021-07-16 11:33:55.1535|0|INFO|Quartz.Core.SchedulerSignalerImpl|Initialized Scheduler Signaller of type: Quartz.Core.SchedulerSignalerImpl 
2021-07-16 11:33:55.1535|0|INFO|Quartz.Core.QuartzScheduler|Quartz Scheduler v.3.3.2.0 created. 
2021-07-16 11:33:55.1738|0|INFO|Quartz.Simpl.RAMJobStore|RAMJobStore initialized. 
2021-07-16 11:33:55.1826|0|INFO|Quartz.Core.QuartzScheduler|Scheduler meta-data: Quartz Scheduler (v3.3.2.0) 'DefaultQuartzScheduler' with instanceId 'NON_CLUSTERED'
  Scheduler class: 'Quartz.Core.QuartzScheduler' - running locally.
  NOT STARTED.
  Currently in standby mode.
  Number of jobs executed: 0
  Using thread pool 'Quartz.Simpl.DefaultThreadPool' - with 10 threads.
  Using job-store 'Quartz.Simpl.RAMJobStore' - which does not support persistence. and is not clustered.
 
2021-07-16 11:33:55.1826|0|INFO|Quartz.Impl.StdSchedulerFactory|Quartz scheduler 'DefaultQuartzScheduler' initialized 
2021-07-16 11:33:55.1826|0|INFO|Quartz.Impl.StdSchedulerFactory|Quartz scheduler version: 3.3.2.0 
2021-07-16 11:33:55.1954|0|INFO|Quartz.Core.QuartzScheduler|Scheduler DefaultQuartzScheduler_$_NON_CLUSTERED started. 
2021-07-16 11:34:07.3561|0|INFO|Gamemode.Models.Player.IdsCache|Loaded player ids to cache. dynamic_id=0, static_id=4 
2021-07-16 11:34:07.3561|0|INFO|Gamemode.Models.Player.AdminsCache|Loaded admin to cache. static_id=4 
2021-07-16 11:34:07.3665|0|INFO|Gamemode.Models.Player.FractionsCache|Loaded fraction member to cache. static_id=4 
2021-07-16 11:34:07.3665|0|INFO|Gamemode.Models.Player.InventoryWeapons|Added weapon to inventory. weapon_hash=Microsmg 
2021-07-16 11:34:07.3665|0|INFO|Gamemode.Models.Player.InventoryWeapons|Added weapon to inventory. weapon_hash=Knuckle 
2021-07-16 11:34:07.3665|0|INFO|Gamemode.Models.Player.InventoryWeapons|Added weapon to inventory. weapon_hash=Flare 
2021-07-16 11:34:07.3665|0|INFO|Gamemode.Models.Player.InventoryWeapons|Added weapon to inventory. weapon_hash=Pumpshotgun 
2021-07-16 11:34:07.3665|0|INFO|Gamemode.Models.Player.InventoryWeapons|Added weapon to inventory. weapon_hash=Pistol 
2021-07-16 11:34:07.3665|0|INFO|Gamemode.Models.Player.CustomPlayer|Loaded player to cache. ID=4 
2021-07-16 11:34:10.8903|0|WARN|AdminCommand|Administrator tests created vehicle BULLET 
2021-07-16 11:34:17.5110|0|WARN|AdminCommand|Administrator tests created vehicle BULLET 
2021-07-16 11:34:19.3469|0|WARN|AdminCommand|Administrator tests created vehicle BULLET 
2021-07-16 11:34:19.9809|0|WARN|AdminCommand|Administrator tests created vehicle BULLET 
2021-07-16 11:34:20.5318|0|WARN|AdminCommand|Administrator tests created vehicle BULLET 
2021-07-16 11:34:21.3634|0|WARN|AdminCommand|Administrator tests created vehicle BULLET 
2021-07-16 11:34:22.3627|0|WARN|AdminCommand|Administrator tests created vehicle BULLET 
2021-07-16 11:45:57.8750|0|INFO|BaseLogger|Successfully inited Rollbar on development 
2021-07-16 11:45:58.3929|0|INFO|Quartz.Impl.StdSchedulerFactory|Default Quartz.NET properties loaded from embedded resource file 
2021-07-16 11:45:58.4859|0|INFO|Quartz.Core.SchedulerSignalerImpl|Initialized Scheduler Signaller of type: Quartz.Core.SchedulerSignalerImpl 
2021-07-16 11:45:58.4859|0|INFO|Quartz.Core.QuartzScheduler|Quartz Scheduler v.3.3.2.0 created. 
2021-07-16 11:45:58.5018|0|INFO|Quartz.Simpl.RAMJobStore|RAMJobStore initialized. 
2021-07-16 11:45:58.5055|0|INFO|Quartz.Core.QuartzScheduler|Scheduler meta-data: Quartz Scheduler (v3.3.2.0) 'DefaultQuartzScheduler' with instanceId 'NON_CLUSTERED'
  Scheduler class: 'Quartz.Core.QuartzScheduler' - running locally.
  NOT STARTED.
  Currently in standby mode.
  Number of jobs executed: 0
  Using thread pool 'Quartz.Simpl.DefaultThreadPool' - with 10 threads.
  Using job-store 'Quartz.Simpl.RAMJobStore' - which does not support persistence. and is not clustered.
 
2021-07-16 11:45:58.5055|0|INFO|Quartz.Impl.StdSchedulerFactory|Quartz scheduler 'DefaultQuartzScheduler' initialized 
2021-07-16 11:45:58.5055|0|INFO|Quartz.Impl.StdSchedulerFactory|Quartz scheduler version: 3.3.2.0 
2021-07-16 11:45:58.5256|0|INFO|Quartz.Core.QuartzScheduler|Scheduler DefaultQuartzScheduler_$_NON_CLUSTERED started. 
2021-07-16 11:46:12.9810|0|INFO|Gamemode.Models.Player.IdsCache|Loaded player ids to cache. dynamic_id=1, static_id=4 
2021-07-16 11:46:12.9886|0|INFO|Gamemode.Models.Player.AdminsCache|Loaded admin to cache. static_id=4 
2021-07-16 11:46:13.0017|0|INFO|Gamemode.Models.Player.FractionsCache|Loaded fraction member to cache. static_id=4 
2021-07-16 11:46:13.0059|0|INFO|Gamemode.Models.Player.InventoryWeapons|Added weapon to inventory. weapon_hash=Microsmg 
2021-07-16 11:46:13.0059|0|INFO|Gamemode.Models.Player.InventoryWeapons|Added weapon to inventory. weapon_hash=Knuckle 
2021-07-16 11:46:13.0059|0|INFO|Gamemode.Models.Player.InventoryWeapons|Added weapon to inventory. weapon_hash=Flare 
2021-07-16 11:46:13.0059|0|INFO|Gamemode.Models.Player.InventoryWeapons|Added weapon to inventory. weapon_hash=Pumpshotgun 
2021-07-16 11:46:13.0059|0|INFO|Gamemode.Models.Player.InventoryWeapons|Added weapon to inventory. weapon_hash=Pistol 
2021-07-16 11:46:13.0059|0|INFO|Gamemode.Models.Player.CustomPlayer|Loaded player to cache. ID=4 
2021-07-16 11:46:14.6370|0|WARN|AdminCommand|Administrator tests created vehicle BULLET 
2021-07-16 11:46:24.8064|0|WARN|AdminCommand|Administrator tests created vehicle BULLET 
2021-07-16 11:46:39.5401|0|WARN|AdminCommand|Administrator tests created vehicle BULLET 
2021-07-16 11:47:25.4990|0|WARN|AdminCommand|Administrator tests created vehicle BULLET 
2021-07-16 11:50:00.0509|0|INFO|GangWarService|Inited gang war 
2021-07-16 11:50:44.0542|0|INFO|BaseLogger|Successfully inited Rollbar on development 
2021-07-16 11:50:44.4845|0|INFO|Quartz.Impl.StdSchedulerFactory|Default Quartz.NET properties loaded from embedded resource file 
2021-07-16 11:50:44.5570|0|INFO|Quartz.Core.SchedulerSignalerImpl|Initialized Scheduler Signaller of type: Quartz.Core.SchedulerSignalerImpl 
2021-07-16 11:50:44.5570|0|INFO|Quartz.Core.QuartzScheduler|Quartz Scheduler v.3.3.2.0 created. 
2021-07-16 11:50:44.5703|0|INFO|Quartz.Simpl.RAMJobStore|RAMJobStore initialized. 
2021-07-16 11:50:44.5703|0|INFO|Quartz.Core.QuartzScheduler|Scheduler meta-data: Quartz Scheduler (v3.3.2.0) 'DefaultQuartzScheduler' with instanceId 'NON_CLUSTERED'
  Scheduler class: 'Quartz.Core.QuartzScheduler' - running locally.
  NOT STARTED.
  Currently in standby mode.
  Number of jobs executed: 0
  Using thread pool 'Quartz.Simpl.DefaultThreadPool' - with 10 threads.
  Using job-store 'Quartz.Simpl.RAMJobStore' - which does not support persistence. and is not clustered.
 
2021-07-16 11:50:44.5703|0|INFO|Quartz.Impl.StdSchedulerFactory|Quartz scheduler 'DefaultQuartzScheduler' initialized 
2021-07-16 11:50:44.5703|0|INFO|Quartz.Impl.StdSchedulerFactory|Quartz scheduler version: 3.3.2.0 
2021-07-16 11:50:44.5850|0|INFO|Quartz.Core.QuartzScheduler|Scheduler DefaultQuartzScheduler_$_NON_CLUSTERED started. 
2021-07-16 11:50:55.2912|0|INFO|Gamemode.Models.Player.IdsCache|Loaded player ids to cache. dynamic_id=0, static_id=4 
2021-07-16 11:50:55.2984|0|INFO|Gamemode.Models.Player.AdminsCache|Loaded admin to cache. static_id=4 
2021-07-16 11:50:55.3120|0|INFO|Gamemode.Models.Player.FractionsCache|Loaded fraction member to cache. static_id=4 
2021-07-16 11:50:55.3169|0|INFO|Gamemode.Models.Player.InventoryWeapons|Added weapon to inventory. weapon_hash=Microsmg 
2021-07-16 11:50:55.3169|0|INFO|Gamemode.Models.Player.InventoryWeapons|Added weapon to inventory. weapon_hash=Knuckle 
2021-07-16 11:50:55.3169|0|INFO|Gamemode.Models.Player.InventoryWeapons|Added weapon to inventory. weapon_hash=Flare 
2021-07-16 11:50:55.3169|0|INFO|Gamemode.Models.Player.InventoryWeapons|Added weapon to inventory. weapon_hash=Pumpshotgun 
2021-07-16 11:50:55.3169|0|INFO|Gamemode.Models.Player.InventoryWeapons|Added weapon to inventory. weapon_hash=Pistol 
2021-07-16 11:50:55.3169|0|INFO|Gamemode.Models.Player.CustomPlayer|Loaded player to cache. ID=4 
2021-07-16 11:50:59.9918|0|WARN|AdminCommand|Administrator tests created vehicle BULLET 
2021-07-16 11:51:45.1729|0|WARN|AdminCommand|Administrator tests created vehicle BULLET 
2021-07-16 11:54:07.3658|0|INFO|BaseLogger|Successfully inited Rollbar on development 
2021-07-16 11:54:07.7771|0|INFO|Quartz.Impl.StdSchedulerFactory|Default Quartz.NET properties loaded from embedded resource file 
2021-07-16 11:54:07.8540|0|INFO|Quartz.Core.SchedulerSignalerImpl|Initialized Scheduler Signaller of type: Quartz.Core.SchedulerSignalerImpl 
2021-07-16 11:54:07.8540|0|INFO|Quartz.Core.QuartzScheduler|Quartz Scheduler v.3.3.2.0 created. 
2021-07-16 11:54:07.8679|0|INFO|Quartz.Simpl.RAMJobStore|RAMJobStore initialized. 
2021-07-16 11:54:07.8679|0|INFO|Quartz.Core.QuartzScheduler|Scheduler meta-data: Quartz Scheduler (v3.3.2.0) 'DefaultQuartzScheduler' with instanceId 'NON_CLUSTERED'
  Scheduler class: 'Quartz.Core.QuartzScheduler' - running locally.
  NOT STARTED.
  Currently in standby mode.
  Number of jobs executed: 0
  Using thread pool 'Quartz.Simpl.DefaultThreadPool' - with 10 threads.
  Using job-store 'Quartz.Simpl.RAMJobStore' - which does not support persistence. and is not clustered.
 
2021-07-16 11:54:07.8679|0|INFO|Quartz.Impl.StdSchedulerFactory|Quartz scheduler 'DefaultQuartzScheduler' initialized 
2021-07-16 11:54:07.8679|0|INFO|Quartz.Impl.StdSchedulerFactory|Quartz scheduler version: 3.3.2.0 
2021-07-16 11:54:07.8833|0|INFO|Quartz.Core.QuartzScheduler|Scheduler DefaultQuartzScheduler_$_NON_CLUSTERED started. 
2021-07-16 11:54:23.9901|0|INFO|Gamemode.Models.Player.IdsCache|Loaded player ids to cache. dynamic_id=0, static_id=4 
2021-07-16 11:54:23.9998|0|INFO|Gamemode.Models.Player.AdminsCache|Loaded admin to cache. static_id=4 
2021-07-16 11:54:24.0093|0|INFO|Gamemode.Models.Player.FractionsCache|Loaded fraction member to cache. static_id=4 
2021-07-16 11:54:24.0093|0|INFO|Gamemode.Models.Player.InventoryWeapons|Added weapon to inventory. weapon_hash=Microsmg 
2021-07-16 11:54:24.0093|0|INFO|Gamemode.Models.Player.InventoryWeapons|Added weapon to inventory. weapon_hash=Knuckle 
2021-07-16 11:54:24.0093|0|INFO|Gamemode.Models.Player.InventoryWeapons|Added weapon to inventory. weapon_hash=Flare 
2021-07-16 11:54:24.0093|0|INFO|Gamemode.Models.Player.InventoryWeapons|Added weapon to inventory. weapon_hash=Pumpshotgun 
2021-07-16 11:54:24.0093|0|INFO|Gamemode.Models.Player.InventoryWeapons|Added weapon to inventory. weapon_hash=Pistol 
2021-07-16 11:54:24.0154|0|INFO|Gamemode.Models.Player.CustomPlayer|Loaded player to cache. ID=4 
2021-07-16 11:54:28.0088|0|WARN|AdminCommand|Administrator tests created vehicle BULLET 
2021-07-16 11:54:52.4941|0|WARN|AdminCommand|Administrator tests created vehicle BULLET 
2021-07-16 12:00:04.8388|0|INFO|BaseLogger|Successfully inited Rollbar on development 
2021-07-16 12:00:05.2083|0|INFO|Quartz.Impl.StdSchedulerFactory|Default Quartz.NET properties loaded from embedded resource file 
2021-07-16 12:00:05.2745|0|INFO|Quartz.Core.SchedulerSignalerImpl|Initialized Scheduler Signaller of type: Quartz.Core.SchedulerSignalerImpl 
2021-07-16 12:00:05.2749|0|INFO|Quartz.Core.QuartzScheduler|Quartz Scheduler v.3.3.2.0 created. 
2021-07-16 12:00:05.2749|0|INFO|Quartz.Simpl.RAMJobStore|RAMJobStore initialized. 
2021-07-16 12:00:05.2869|0|INFO|Quartz.Core.QuartzScheduler|Scheduler meta-data: Quartz Scheduler (v3.3.2.0) 'DefaultQuartzScheduler' with instanceId 'NON_CLUSTERED'
  Scheduler class: 'Quartz.Core.QuartzScheduler' - running locally.
  NOT STARTED.
  Currently in standby mode.
  Number of jobs executed: 0
  Using thread pool 'Quartz.Simpl.DefaultThreadPool' - with 10 threads.
  Using job-store 'Quartz.Simpl.RAMJobStore' - which does not support persistence. and is not clustered.
 
2021-07-16 12:00:05.2869|0|INFO|Quartz.Impl.StdSchedulerFactory|Quartz scheduler 'DefaultQuartzScheduler' initialized 
2021-07-16 12:00:05.2869|0|INFO|Quartz.Impl.StdSchedulerFactory|Quartz scheduler version: 3.3.2.0 
2021-07-16 12:00:05.3031|0|INFO|Quartz.Core.QuartzScheduler|Scheduler DefaultQuartzScheduler_$_NON_CLUSTERED started. 
2021-07-16 12:00:17.5925|0|INFO|Gamemode.Models.Player.IdsCache|Loaded player ids to cache. dynamic_id=0, static_id=4 
2021-07-16 12:00:17.5987|0|INFO|Gamemode.Models.Player.AdminsCache|Loaded admin to cache. static_id=4 
2021-07-16 12:00:17.6061|0|INFO|Gamemode.Models.Player.FractionsCache|Loaded fraction member to cache. static_id=4 
2021-07-16 12:00:17.6061|0|INFO|Gamemode.Models.Player.InventoryWeapons|Added weapon to inventory. weapon_hash=Microsmg 
2021-07-16 12:00:17.6061|0|INFO|Gamemode.Models.Player.InventoryWeapons|Added weapon to inventory. weapon_hash=Knuckle 
2021-07-16 12:00:17.6061|0|INFO|Gamemode.Models.Player.InventoryWeapons|Added weapon to inventory. weapon_hash=Flare 
2021-07-16 12:00:17.6061|0|INFO|Gamemode.Models.Player.InventoryWeapons|Added weapon to inventory. weapon_hash=Pumpshotgun 
2021-07-16 12:00:17.6061|0|INFO|Gamemode.Models.Player.InventoryWeapons|Added weapon to inventory. weapon_hash=Pistol 
2021-07-16 12:00:17.6061|0|INFO|Gamemode.Models.Player.CustomPlayer|Loaded player to cache. ID=4 
2021-07-16 12:00:21.0592|0|WARN|AdminCommand|Administrator tests created vehicle BULLET 
2021-07-16 12:00:50.2077|0|WARN|AdminCommand|Administrator tests created vehicle BULLET 
2021-07-16 12:05:46.7354|0|WARN|AdminCommand|Administrator tests created vehicle BULLET 
2021-07-16 12:17:31.7335|0|INFO|BaseLogger|Successfully inited Rollbar on development 
2021-07-16 12:17:32.1609|0|INFO|Quartz.Impl.StdSchedulerFactory|Default Quartz.NET properties loaded from embedded resource file 
2021-07-16 12:17:32.2339|0|INFO|Quartz.Core.SchedulerSignalerImpl|Initialized Scheduler Signaller of type: Quartz.Core.SchedulerSignalerImpl 
2021-07-16 12:17:32.2339|0|INFO|Quartz.Core.QuartzScheduler|Quartz Scheduler v.3.3.2.0 created. 
2021-07-16 12:17:32.2413|0|INFO|Quartz.Simpl.RAMJobStore|RAMJobStore initialized. 
2021-07-16 12:17:32.2451|0|INFO|Quartz.Core.QuartzScheduler|Scheduler meta-data: Quartz Scheduler (v3.3.2.0) 'DefaultQuartzScheduler' with instanceId 'NON_CLUSTERED'
  Scheduler class: 'Quartz.Core.QuartzScheduler' - running locally.
  NOT STARTED.
  Currently in standby mode.
  Number of jobs executed: 0
  Using thread pool 'Quartz.Simpl.DefaultThreadPool' - with 10 threads.
  Using job-store 'Quartz.Simpl.RAMJobStore' - which does not support persistence. and is not clustered.
 
2021-07-16 12:17:32.2451|0|INFO|Quartz.Impl.StdSchedulerFactory|Quartz scheduler 'DefaultQuartzScheduler' initialized 
2021-07-16 12:17:32.2451|0|INFO|Quartz.Impl.StdSchedulerFactory|Quartz scheduler version: 3.3.2.0 
2021-07-16 12:17:32.2597|0|INFO|Quartz.Core.QuartzScheduler|Scheduler DefaultQuartzScheduler_$_NON_CLUSTERED started. 
2021-07-16 12:17:43.5622|0|INFO|Gamemode.Models.Player.IdsCache|Loaded player ids to cache. dynamic_id=0, static_id=4 
2021-07-16 12:17:43.5697|0|INFO|Gamemode.Models.Player.AdminsCache|Loaded admin to cache. static_id=4 
2021-07-16 12:17:43.5887|0|INFO|Gamemode.Models.Player.FractionsCache|Loaded fraction member to cache. static_id=4 
2021-07-16 12:17:43.6004|0|INFO|Gamemode.Models.Player.InventoryWeapons|Added weapon to inventory. weapon_hash=Microsmg 
2021-07-16 12:17:43.6004|0|INFO|Gamemode.Models.Player.InventoryWeapons|Added weapon to inventory. weapon_hash=Knuckle 
2021-07-16 12:17:43.6004|0|INFO|Gamemode.Models.Player.InventoryWeapons|Added weapon to inventory. weapon_hash=Flare 
2021-07-16 12:17:43.6004|0|INFO|Gamemode.Models.Player.InventoryWeapons|Added weapon to inventory. weapon_hash=Pumpshotgun 
2021-07-16 12:17:43.6004|0|INFO|Gamemode.Models.Player.InventoryWeapons|Added weapon to inventory. weapon_hash=Pistol 
2021-07-16 12:17:43.6004|0|INFO|Gamemode.Models.Player.CustomPlayer|Loaded player to cache. ID=4 
2021-07-16 12:17:45.9638|0|WARN|AdminCommand|Administrator tests created vehicle BULLET 
2021-07-16 12:18:01.0839|0|WARN|AdminCommand|Administrator tests created vehicle BULLET 
2021-07-16 12:22:51.8445|0|INFO|BaseLogger|Successfully inited Rollbar on development 
2021-07-16 12:22:52.2145|0|INFO|Quartz.Impl.StdSchedulerFactory|Default Quartz.NET properties loaded from embedded resource file 
2021-07-16 12:22:52.2790|0|INFO|Quartz.Core.SchedulerSignalerImpl|Initialized Scheduler Signaller of type: Quartz.Core.SchedulerSignalerImpl 
2021-07-16 12:22:52.2790|0|INFO|Quartz.Core.QuartzScheduler|Quartz Scheduler v.3.3.2.0 created. 
2021-07-16 12:22:52.2861|0|INFO|Quartz.Simpl.RAMJobStore|RAMJobStore initialized. 
2021-07-16 12:22:52.2861|0|INFO|Quartz.Core.QuartzScheduler|Scheduler meta-data: Quartz Scheduler (v3.3.2.0) 'DefaultQuartzScheduler' with instanceId 'NON_CLUSTERED'
  Scheduler class: 'Quartz.Core.QuartzScheduler' - running locally.
  NOT STARTED.
  Currently in standby mode.
  Number of jobs executed: 0
  Using thread pool 'Quartz.Simpl.DefaultThreadPool' - with 10 threads.
  Using job-store 'Quartz.Simpl.RAMJobStore' - which does not support persistence. and is not clustered.
 
2021-07-16 12:22:52.2861|0|INFO|Quartz.Impl.StdSchedulerFactory|Quartz scheduler 'DefaultQuartzScheduler' initialized 
2021-07-16 12:22:52.2861|0|INFO|Quartz.Impl.StdSchedulerFactory|Quartz scheduler version: 3.3.2.0 
2021-07-16 12:22:52.3027|0|INFO|Quartz.Core.QuartzScheduler|Scheduler DefaultQuartzScheduler_$_NON_CLUSTERED started. 
2021-07-16 12:23:06.4073|0|INFO|Gamemode.Models.Player.IdsCache|Loaded player ids to cache. dynamic_id=1, static_id=4 
2021-07-16 12:23:06.4175|0|INFO|Gamemode.Models.Player.AdminsCache|Loaded admin to cache. static_id=4 
2021-07-16 12:23:06.4279|0|INFO|Gamemode.Models.Player.FractionsCache|Loaded fraction member to cache. static_id=4 
2021-07-16 12:23:06.4361|0|INFO|Gamemode.Models.Player.InventoryWeapons|Added weapon to inventory. weapon_hash=Microsmg 
2021-07-16 12:23:06.4361|0|INFO|Gamemode.Models.Player.InventoryWeapons|Added weapon to inventory. weapon_hash=Knuckle 
2021-07-16 12:23:06.4361|0|INFO|Gamemode.Models.Player.InventoryWeapons|Added weapon to inventory. weapon_hash=Flare 
2021-07-16 12:23:06.4361|0|INFO|Gamemode.Models.Player.InventoryWeapons|Added weapon to inventory. weapon_hash=Pumpshotgun 
2021-07-16 12:23:06.4361|0|INFO|Gamemode.Models.Player.InventoryWeapons|Added weapon to inventory. weapon_hash=Pistol 
2021-07-16 12:23:06.4361|0|INFO|Gamemode.Models.Player.CustomPlayer|Loaded player to cache. ID=4 
2021-07-16 12:23:10.4104|0|WARN|AdminCommand|Administrator tests created vehicle BULLET 
2021-07-16 12:23:14.0586|0|WARN|AdminCommand|Administrator tests created vehicle BULLET 
2021-07-16 12:23:17.6879|0|WARN|AdminCommand|Administrator tests created vehicle BULLET 
2021-07-16 12:24:05.4165|0|INFO|BaseLogger|Successfully inited Rollbar on development 
2021-07-16 12:24:05.8639|0|INFO|Quartz.Impl.StdSchedulerFactory|Default Quartz.NET properties loaded from embedded resource file 
2021-07-16 12:24:05.9392|0|INFO|Quartz.Core.SchedulerSignalerImpl|Initialized Scheduler Signaller of type: Quartz.Core.SchedulerSignalerImpl 
2021-07-16 12:24:05.9392|0|INFO|Quartz.Core.QuartzScheduler|Quartz Scheduler v.3.3.2.0 created. 
2021-07-16 12:24:05.9560|0|INFO|Quartz.Simpl.RAMJobStore|RAMJobStore initialized. 
2021-07-16 12:24:05.9560|0|INFO|Quartz.Core.QuartzScheduler|Scheduler meta-data: Quartz Scheduler (v3.3.2.0) 'DefaultQuartzScheduler' with instanceId 'NON_CLUSTERED'
  Scheduler class: 'Quartz.Core.QuartzScheduler' - running locally.
  NOT STARTED.
  Currently in standby mode.
  Number of jobs executed: 0
  Using thread pool 'Quartz.Simpl.DefaultThreadPool' - with 10 threads.
  Using job-store 'Quartz.Simpl.RAMJobStore' - which does not support persistence. and is not clustered.
 
2021-07-16 12:24:05.9560|0|INFO|Quartz.Impl.StdSchedulerFactory|Quartz scheduler 'DefaultQuartzScheduler' initialized 
2021-07-16 12:24:05.9560|0|INFO|Quartz.Impl.StdSchedulerFactory|Quartz scheduler version: 3.3.2.0 
2021-07-16 12:24:05.9721|0|INFO|Quartz.Core.QuartzScheduler|Scheduler DefaultQuartzScheduler_$_NON_CLUSTERED started. 
2021-07-16 12:24:16.8231|0|INFO|Gamemode.Models.Player.IdsCache|Loaded player ids to cache. dynamic_id=1, static_id=4 
2021-07-16 12:24:16.8280|0|INFO|Gamemode.Models.Player.AdminsCache|Loaded admin to cache. static_id=4 
2021-07-16 12:24:16.8372|0|INFO|Gamemode.Models.Player.FractionsCache|Loaded fraction member to cache. static_id=4 
2021-07-16 12:24:16.8372|0|INFO|Gamemode.Models.Player.InventoryWeapons|Added weapon to inventory. weapon_hash=Microsmg 
2021-07-16 12:24:16.8372|0|INFO|Gamemode.Models.Player.InventoryWeapons|Added weapon to inventory. weapon_hash=Knuckle 
2021-07-16 12:24:16.8372|0|INFO|Gamemode.Models.Player.InventoryWeapons|Added weapon to inventory. weapon_hash=Flare 
2021-07-16 12:24:16.8372|0|INFO|Gamemode.Models.Player.InventoryWeapons|Added weapon to inventory. weapon_hash=Pumpshotgun 
2021-07-16 12:24:16.8372|0|INFO|Gamemode.Models.Player.InventoryWeapons|Added weapon to inventory. weapon_hash=Pistol 
2021-07-16 12:24:16.8372|0|INFO|Gamemode.Models.Player.CustomPlayer|Loaded player to cache. ID=4 
2021-07-16 12:24:18.4847|0|WARN|AdminCommand|Administrator tests created vehicle BULLET 
2021-07-16 12:29:11.5167|0|INFO|BaseLogger|Successfully inited Rollbar on development 
2021-07-16 12:29:12.2309|0|INFO|Quartz.Impl.StdSchedulerFactory|Default Quartz.NET properties loaded from embedded resource file 
2021-07-16 12:29:12.3527|0|INFO|Quartz.Core.SchedulerSignalerImpl|Initialized Scheduler Signaller of type: Quartz.Core.SchedulerSignalerImpl 
2021-07-16 12:29:12.3527|0|INFO|Quartz.Core.QuartzScheduler|Quartz Scheduler v.3.3.2.0 created. 
2021-07-16 12:29:12.3673|0|INFO|Quartz.Simpl.RAMJobStore|RAMJobStore initialized. 
2021-07-16 12:29:12.3673|0|INFO|Quartz.Core.QuartzScheduler|Scheduler meta-data: Quartz Scheduler (v3.3.2.0) 'DefaultQuartzScheduler' with instanceId 'NON_CLUSTERED'
  Scheduler class: 'Quartz.Core.QuartzScheduler' - running locally.
  NOT STARTED.
  Currently in standby mode.
  Number of jobs executed: 0
  Using thread pool 'Quartz.Simpl.DefaultThreadPool' - with 10 threads.
  Using job-store 'Quartz.Simpl.RAMJobStore' - which does not support persistence. and is not clustered.
 
2021-07-16 12:29:12.3673|0|INFO|Quartz.Impl.StdSchedulerFactory|Quartz scheduler 'DefaultQuartzScheduler' initialized 
2021-07-16 12:29:12.3673|0|INFO|Quartz.Impl.StdSchedulerFactory|Quartz scheduler version: 3.3.2.0 
2021-07-16 12:29:12.3920|0|INFO|Quartz.Core.QuartzScheduler|Scheduler DefaultQuartzScheduler_$_NON_CLUSTERED started. 
2021-07-16 12:29:19.9130|0|INFO|Gamemode.Models.Player.IdsCache|Loaded player ids to cache. dynamic_id=0, static_id=4 
2021-07-16 12:29:19.9218|0|INFO|Gamemode.Models.Player.AdminsCache|Loaded admin to cache. static_id=4 
2021-07-16 12:29:19.9369|0|INFO|Gamemode.Models.Player.FractionsCache|Loaded fraction member to cache. static_id=4 
2021-07-16 12:29:19.9369|0|INFO|Gamemode.Models.Player.InventoryWeapons|Added weapon to inventory. weapon_hash=Microsmg 
2021-07-16 12:29:19.9450|0|INFO|Gamemode.Models.Player.InventoryWeapons|Added weapon to inventory. weapon_hash=Knuckle 
2021-07-16 12:29:19.9450|0|INFO|Gamemode.Models.Player.InventoryWeapons|Added weapon to inventory. weapon_hash=Flare 
2021-07-16 12:29:19.9450|0|INFO|Gamemode.Models.Player.InventoryWeapons|Added weapon to inventory. weapon_hash=Pumpshotgun 
2021-07-16 12:29:19.9450|0|INFO|Gamemode.Models.Player.InventoryWeapons|Added weapon to inventory. weapon_hash=Pistol 
2021-07-16 12:29:19.9450|0|INFO|Gamemode.Models.Player.CustomPlayer|Loaded player to cache. ID=4 
2021-07-16 12:42:15.8782|0|INFO|BaseLogger|Successfully inited Rollbar on development 
2021-07-16 12:42:16.3369|0|INFO|Quartz.Impl.StdSchedulerFactory|Default Quartz.NET properties loaded from embedded resource file 
2021-07-16 12:42:16.4588|0|INFO|Quartz.Core.SchedulerSignalerImpl|Initialized Scheduler Signaller of type: Quartz.Core.SchedulerSignalerImpl 
2021-07-16 12:42:16.4588|0|INFO|Quartz.Core.QuartzScheduler|Quartz Scheduler v.3.3.2.0 created. 
2021-07-16 12:42:16.4860|0|INFO|Quartz.Simpl.RAMJobStore|RAMJobStore initialized. 
2021-07-16 12:42:16.4860|0|INFO|Quartz.Core.QuartzScheduler|Scheduler meta-data: Quartz Scheduler (v3.3.2.0) 'DefaultQuartzScheduler' with instanceId 'NON_CLUSTERED'
  Scheduler class: 'Quartz.Core.QuartzScheduler' - running locally.
  NOT STARTED.
  Currently in standby mode.
  Number of jobs executed: 0
  Using thread pool 'Quartz.Simpl.DefaultThreadPool' - with 10 threads.
  Using job-store 'Quartz.Simpl.RAMJobStore' - which does not support persistence. and is not clustered.
 
2021-07-16 12:42:16.4860|0|INFO|Quartz.Impl.StdSchedulerFactory|Quartz scheduler 'DefaultQuartzScheduler' initialized 
2021-07-16 12:42:16.4860|0|INFO|Quartz.Impl.StdSchedulerFactory|Quartz scheduler version: 3.3.2.0 
2021-07-16 12:42:16.5035|0|INFO|Quartz.Core.QuartzScheduler|Scheduler DefaultQuartzScheduler_$_NON_CLUSTERED started. 
2021-07-16 12:42:39.0683|0|INFO|Gamemode.Models.Player.IdsCache|Loaded player ids to cache. dynamic_id=1, static_id=4 
2021-07-16 12:42:39.0683|0|INFO|Gamemode.Models.Player.AdminsCache|Loaded admin to cache. static_id=4 
2021-07-16 12:42:39.0810|0|INFO|Gamemode.Models.Player.FractionsCache|Loaded fraction member to cache. static_id=4 
2021-07-16 12:42:39.0810|0|INFO|Gamemode.Models.Player.InventoryWeapons|Added weapon to inventory. weapon_hash=Microsmg 
2021-07-16 12:42:39.0810|0|INFO|Gamemode.Models.Player.InventoryWeapons|Added weapon to inventory. weapon_hash=Knuckle 
2021-07-16 12:42:39.0810|0|INFO|Gamemode.Models.Player.InventoryWeapons|Added weapon to inventory. weapon_hash=Flare 
2021-07-16 12:42:39.0810|0|INFO|Gamemode.Models.Player.InventoryWeapons|Added weapon to inventory. weapon_hash=Pumpshotgun 
2021-07-16 12:42:39.0810|0|INFO|Gamemode.Models.Player.InventoryWeapons|Added weapon to inventory. weapon_hash=Pistol 
2021-07-16 12:42:39.0810|0|INFO|Gamemode.Models.Player.CustomPlayer|Loaded player to cache. ID=4 
2021-07-16 12:42:50.1982|0|WARN|AdminCommand|Administrator tests created vehicle BULLET 
2021-07-16 12:43:09.4075|0|WARN|AdminCommand|Administrator tests deleted vehicle  
2021-07-16 12:46:33.2320|0|INFO|BaseLogger|Successfully inited Rollbar on development 
2021-07-16 12:46:33.6444|0|INFO|Quartz.Impl.StdSchedulerFactory|Default Quartz.NET properties loaded from embedded resource file 
2021-07-16 12:46:33.7146|0|INFO|Quartz.Core.SchedulerSignalerImpl|Initialized Scheduler Signaller of type: Quartz.Core.SchedulerSignalerImpl 
2021-07-16 12:46:33.7150|0|INFO|Quartz.Core.QuartzScheduler|Quartz Scheduler v.3.3.2.0 created. 
2021-07-16 12:46:33.7284|0|INFO|Quartz.Simpl.RAMJobStore|RAMJobStore initialized. 
2021-07-16 12:46:33.7284|0|INFO|Quartz.Core.QuartzScheduler|Scheduler meta-data: Quartz Scheduler (v3.3.2.0) 'DefaultQuartzScheduler' with instanceId 'NON_CLUSTERED'
  Scheduler class: 'Quartz.Core.QuartzScheduler' - running locally.
  NOT STARTED.
  Currently in standby mode.
  Number of jobs executed: 0
  Using thread pool 'Quartz.Simpl.DefaultThreadPool' - with 10 threads.
  Using job-store 'Quartz.Simpl.RAMJobStore' - which does not support persistence. and is not clustered.
 
2021-07-16 12:46:33.7284|0|INFO|Quartz.Impl.StdSchedulerFactory|Quartz scheduler 'DefaultQuartzScheduler' initialized 
2021-07-16 12:46:33.7284|0|INFO|Quartz.Impl.StdSchedulerFactory|Quartz scheduler version: 3.3.2.0 
2021-07-16 12:46:33.7412|0|INFO|Quartz.Core.QuartzScheduler|Scheduler DefaultQuartzScheduler_$_NON_CLUSTERED started. 
2021-07-16 12:46:44.5677|0|INFO|Gamemode.Models.Player.IdsCache|Loaded player ids to cache. dynamic_id=1, static_id=4 
2021-07-16 12:46:44.5677|0|INFO|Gamemode.Models.Player.AdminsCache|Loaded admin to cache. static_id=4 
2021-07-16 12:46:44.5802|0|INFO|Gamemode.Models.Player.FractionsCache|Loaded fraction member to cache. static_id=4 
2021-07-16 12:46:44.5802|0|INFO|Gamemode.Models.Player.InventoryWeapons|Added weapon to inventory. weapon_hash=Microsmg 
2021-07-16 12:46:44.5802|0|INFO|Gamemode.Models.Player.InventoryWeapons|Added weapon to inventory. weapon_hash=Knuckle 
2021-07-16 12:46:44.5802|0|INFO|Gamemode.Models.Player.InventoryWeapons|Added weapon to inventory. weapon_hash=Flare 
2021-07-16 12:46:44.5802|0|INFO|Gamemode.Models.Player.InventoryWeapons|Added weapon to inventory. weapon_hash=Pumpshotgun 
2021-07-16 12:46:44.5802|0|INFO|Gamemode.Models.Player.InventoryWeapons|Added weapon to inventory. weapon_hash=Pistol 
2021-07-16 12:46:44.5802|0|INFO|Gamemode.Models.Player.CustomPlayer|Loaded player to cache. ID=4 
2021-07-16 12:46:46.6184|0|WARN|AdminCommand|Administrator tests created vehicle BULLET 
2021-07-16 12:48:52.5944|0|INFO|BaseLogger|Successfully inited Rollbar on development 
2021-07-16 12:48:53.2523|0|INFO|Quartz.Impl.StdSchedulerFactory|Default Quartz.NET properties loaded from embedded resource file 
2021-07-16 12:48:53.3736|0|INFO|Quartz.Core.SchedulerSignalerImpl|Initialized Scheduler Signaller of type: Quartz.Core.SchedulerSignalerImpl 
2021-07-16 12:48:53.3736|0|INFO|Quartz.Core.QuartzScheduler|Quartz Scheduler v.3.3.2.0 created. 
2021-07-16 12:48:53.3894|0|INFO|Quartz.Simpl.RAMJobStore|RAMJobStore initialized. 
2021-07-16 12:48:53.4104|0|INFO|Quartz.Core.QuartzScheduler|Scheduler meta-data: Quartz Scheduler (v3.3.2.0) 'DefaultQuartzScheduler' with instanceId 'NON_CLUSTERED'
  Scheduler class: 'Quartz.Core.QuartzScheduler' - running locally.
  NOT STARTED.
  Currently in standby mode.
  Number of jobs executed: 0
  Using thread pool 'Quartz.Simpl.DefaultThreadPool' - with 10 threads.
  Using job-store 'Quartz.Simpl.RAMJobStore' - which does not support persistence. and is not clustered.
 
2021-07-16 12:48:53.4104|0|INFO|Quartz.Impl.StdSchedulerFactory|Quartz scheduler 'DefaultQuartzScheduler' initialized 
2021-07-16 12:48:53.4104|0|INFO|Quartz.Impl.StdSchedulerFactory|Quartz scheduler version: 3.3.2.0 
2021-07-16 12:48:53.4248|0|INFO|Quartz.Core.QuartzScheduler|Scheduler DefaultQuartzScheduler_$_NON_CLUSTERED started. 
2021-07-16 12:49:00.7130|0|INFO|Gamemode.Models.Player.IdsCache|Loaded player ids to cache. dynamic_id=1, static_id=4 
2021-07-16 12:49:00.7170|0|INFO|Gamemode.Models.Player.AdminsCache|Loaded admin to cache. static_id=4 
2021-07-16 12:49:00.7276|0|INFO|Gamemode.Models.Player.FractionsCache|Loaded fraction member to cache. static_id=4 
2021-07-16 12:49:00.7276|0|INFO|Gamemode.Models.Player.InventoryWeapons|Added weapon to inventory. weapon_hash=Microsmg 
2021-07-16 12:49:00.7276|0|INFO|Gamemode.Models.Player.InventoryWeapons|Added weapon to inventory. weapon_hash=Knuckle 
2021-07-16 12:49:00.7276|0|INFO|Gamemode.Models.Player.InventoryWeapons|Added weapon to inventory. weapon_hash=Flare 
2021-07-16 12:49:00.7276|0|INFO|Gamemode.Models.Player.InventoryWeapons|Added weapon to inventory. weapon_hash=Pumpshotgun 
2021-07-16 12:49:00.7276|0|INFO|Gamemode.Models.Player.InventoryWeapons|Added weapon to inventory. weapon_hash=Pistol 
2021-07-16 12:49:00.7276|0|INFO|Gamemode.Models.Player.CustomPlayer|Loaded player to cache. ID=4 
2021-07-16 12:49:27.3455|0|WARN|AdminCommand|Administrator tests deleted vehicle  
2021-07-16 12:49:29.5537|0|WARN|AdminCommand|Administrator tests created vehicle BULLET 
2021-07-16 12:50:00.1029|0|INFO|GangWarService|Inited gang war 
2021-07-16 12:52:11.1491|0|INFO|BaseLogger|Successfully inited Rollbar on development 
2021-07-16 12:52:11.5570|0|INFO|Quartz.Impl.StdSchedulerFactory|Default Quartz.NET properties loaded from embedded resource file 
2021-07-16 12:52:11.6411|0|INFO|Quartz.Core.SchedulerSignalerImpl|Initialized Scheduler Signaller of type: Quartz.Core.SchedulerSignalerImpl 
2021-07-16 12:52:11.6411|0|INFO|Quartz.Core.QuartzScheduler|Quartz Scheduler v.3.3.2.0 created. 
2021-07-16 12:52:11.6519|0|INFO|Quartz.Simpl.RAMJobStore|RAMJobStore initialized. 
2021-07-16 12:52:11.6653|0|INFO|Quartz.Core.QuartzScheduler|Scheduler meta-data: Quartz Scheduler (v3.3.2.0) 'DefaultQuartzScheduler' with instanceId 'NON_CLUSTERED'
  Scheduler class: 'Quartz.Core.QuartzScheduler' - running locally.
  NOT STARTED.
  Currently in standby mode.
  Number of jobs executed: 0
  Using thread pool 'Quartz.Simpl.DefaultThreadPool' - with 10 threads.
  Using job-store 'Quartz.Simpl.RAMJobStore' - which does not support persistence. and is not clustered.
 
2021-07-16 12:52:11.6653|0|INFO|Quartz.Impl.StdSchedulerFactory|Quartz scheduler 'DefaultQuartzScheduler' initialized 
2021-07-16 12:52:11.6653|0|INFO|Quartz.Impl.StdSchedulerFactory|Quartz scheduler version: 3.3.2.0 
2021-07-16 12:52:11.6827|0|INFO|Quartz.Core.QuartzScheduler|Scheduler DefaultQuartzScheduler_$_NON_CLUSTERED started. 
2021-07-16 12:52:22.7798|0|INFO|Gamemode.Models.Player.IdsCache|Loaded player ids to cache. dynamic_id=1, static_id=4 
2021-07-16 12:52:22.7798|0|INFO|Gamemode.Models.Player.AdminsCache|Loaded admin to cache. static_id=4 
2021-07-16 12:52:22.7923|0|INFO|Gamemode.Models.Player.FractionsCache|Loaded fraction member to cache. static_id=4 
2021-07-16 12:52:22.7977|0|INFO|Gamemode.Models.Player.InventoryWeapons|Added weapon to inventory. weapon_hash=Microsmg 
2021-07-16 12:52:22.7977|0|INFO|Gamemode.Models.Player.InventoryWeapons|Added weapon to inventory. weapon_hash=Knuckle 
2021-07-16 12:52:22.7977|0|INFO|Gamemode.Models.Player.InventoryWeapons|Added weapon to inventory. weapon_hash=Flare 
2021-07-16 12:52:22.7977|0|INFO|Gamemode.Models.Player.InventoryWeapons|Added weapon to inventory. weapon_hash=Pumpshotgun 
2021-07-16 12:52:22.7977|0|INFO|Gamemode.Models.Player.InventoryWeapons|Added weapon to inventory. weapon_hash=Pistol 
2021-07-16 12:52:22.7977|0|INFO|Gamemode.Models.Player.CustomPlayer|Loaded player to cache. ID=4 
2021-07-16 12:52:26.0981|0|WARN|AdminCommand|Administrator tests created vehicle BULLET 
2021-07-16 12:52:33.6644|0|WARN|AdminCommand|Administrator tests created vehicle BULLET 
2021-07-16 12:54:06.9716|0|INFO|BaseLogger|Successfully inited Rollbar on development 
2021-07-16 12:54:07.6429|0|INFO|Quartz.Impl.StdSchedulerFactory|Default Quartz.NET properties loaded from embedded resource file 
2021-07-16 12:54:07.7712|0|INFO|Quartz.Core.SchedulerSignalerImpl|Initialized Scheduler Signaller of type: Quartz.Core.SchedulerSignalerImpl 
2021-07-16 12:54:07.7712|0|INFO|Quartz.Core.QuartzScheduler|Quartz Scheduler v.3.3.2.0 created. 
2021-07-16 12:54:07.7819|0|INFO|Quartz.Simpl.RAMJobStore|RAMJobStore initialized. 
2021-07-16 12:54:07.7901|0|INFO|Quartz.Core.QuartzScheduler|Scheduler meta-data: Quartz Scheduler (v3.3.2.0) 'DefaultQuartzScheduler' with instanceId 'NON_CLUSTERED'
  Scheduler class: 'Quartz.Core.QuartzScheduler' - running locally.
  NOT STARTED.
  Currently in standby mode.
  Number of jobs executed: 0
  Using thread pool 'Quartz.Simpl.DefaultThreadPool' - with 10 threads.
  Using job-store 'Quartz.Simpl.RAMJobStore' - which does not support persistence. and is not clustered.
 
2021-07-16 12:54:07.7901|0|INFO|Quartz.Impl.StdSchedulerFactory|Quartz scheduler 'DefaultQuartzScheduler' initialized 
2021-07-16 12:54:07.7901|0|INFO|Quartz.Impl.StdSchedulerFactory|Quartz scheduler version: 3.3.2.0 
2021-07-16 12:54:07.8069|0|INFO|Quartz.Core.QuartzScheduler|Scheduler DefaultQuartzScheduler_$_NON_CLUSTERED started. 
2021-07-16 12:54:25.1364|0|INFO|BaseLogger|Successfully inited Rollbar on development 
2021-07-16 12:54:25.7279|0|INFO|Quartz.Impl.StdSchedulerFactory|Default Quartz.NET properties loaded from embedded resource file 
2021-07-16 12:54:25.8943|0|INFO|Quartz.Core.SchedulerSignalerImpl|Initialized Scheduler Signaller of type: Quartz.Core.SchedulerSignalerImpl 
2021-07-16 12:54:25.8950|0|INFO|Quartz.Core.QuartzScheduler|Quartz Scheduler v.3.3.2.0 created. 
2021-07-16 12:54:25.9051|0|INFO|Quartz.Simpl.RAMJobStore|RAMJobStore initialized. 
2021-07-16 12:54:25.9170|0|INFO|Quartz.Core.QuartzScheduler|Scheduler meta-data: Quartz Scheduler (v3.3.2.0) 'DefaultQuartzScheduler' with instanceId 'NON_CLUSTERED'
  Scheduler class: 'Quartz.Core.QuartzScheduler' - running locally.
  NOT STARTED.
  Currently in standby mode.
  Number of jobs executed: 0
  Using thread pool 'Quartz.Simpl.DefaultThreadPool' - with 10 threads.
  Using job-store 'Quartz.Simpl.RAMJobStore' - which does not support persistence. and is not clustered.
 
2021-07-16 12:54:25.9170|0|INFO|Quartz.Impl.StdSchedulerFactory|Quartz scheduler 'DefaultQuartzScheduler' initialized 
2021-07-16 12:54:25.9170|0|INFO|Quartz.Impl.StdSchedulerFactory|Quartz scheduler version: 3.3.2.0 
2021-07-16 12:54:25.9295|0|INFO|Quartz.Core.QuartzScheduler|Scheduler DefaultQuartzScheduler_$_NON_CLUSTERED started. 
2021-07-16 12:54:37.4488|0|INFO|Gamemode.Models.Player.IdsCache|Loaded player ids to cache. dynamic_id=0, static_id=4 
2021-07-16 12:54:37.4488|0|INFO|Gamemode.Models.Player.AdminsCache|Loaded admin to cache. static_id=4 
2021-07-16 12:54:37.4629|0|INFO|Gamemode.Models.Player.FractionsCache|Loaded fraction member to cache. static_id=4 
2021-07-16 12:54:37.4651|0|INFO|Gamemode.Models.Player.InventoryWeapons|Added weapon to inventory. weapon_hash=Microsmg 
2021-07-16 12:54:37.4651|0|INFO|Gamemode.Models.Player.InventoryWeapons|Added weapon to inventory. weapon_hash=Knuckle 
2021-07-16 12:54:37.4651|0|INFO|Gamemode.Models.Player.InventoryWeapons|Added weapon to inventory. weapon_hash=Flare 
2021-07-16 12:54:37.4651|0|INFO|Gamemode.Models.Player.InventoryWeapons|Added weapon to inventory. weapon_hash=Pumpshotgun 
2021-07-16 12:54:37.4651|0|INFO|Gamemode.Models.Player.InventoryWeapons|Added weapon to inventory. weapon_hash=Pistol 
2021-07-16 12:54:37.4651|0|INFO|Gamemode.Models.Player.CustomPlayer|Loaded player to cache. ID=4 
2021-07-16 12:54:39.1864|0|WARN|AdminCommand|Administrator tests created vehicle BULLET 
2021-07-16 12:54:52.0351|0|WARN|AdminCommand|Administrator tests created vehicle BULLET 
2021-07-16 12:54:54.5499|0|WARN|AdminCommand|Administrator tests created vehicle BULLET 
2021-07-16 12:56:40.7016|0|INFO|Gamemode.Models.Player.IdsCache|Loaded player ids to cache. dynamic_id=1, static_id=9 
2021-07-16 12:56:40.7016|0|INFO|Gamemode.Models.Player.AdminsCache|Loaded admin to cache. static_id=9 
2021-07-16 12:56:40.7016|0|INFO|Gamemode.Models.Player.FractionsCache|Loaded fraction member to cache. static_id=9 
2021-07-16 12:56:40.7016|0|INFO|Gamemode.Models.Player.InventoryWeapons|Added weapon to inventory. weapon_hash=Microsmg 
2021-07-16 12:56:40.7016|0|INFO|Gamemode.Models.Player.InventoryWeapons|Added weapon to inventory. weapon_hash=Knuckle 
2021-07-16 12:56:40.7016|0|INFO|Gamemode.Models.Player.InventoryWeapons|Added weapon to inventory. weapon_hash=Flare 
2021-07-16 12:56:40.7016|0|INFO|Gamemode.Models.Player.InventoryWeapons|Added weapon to inventory. weapon_hash=Pumpshotgun 
2021-07-16 12:56:40.7016|0|INFO|Gamemode.Models.Player.InventoryWeapons|Added weapon to inventory. weapon_hash=Pistol 
2021-07-16 12:56:40.7016|0|INFO|Gamemode.Models.Player.CustomPlayer|Loaded player to cache. ID=9 
2021-07-16 13:00:02.7908|0|WARN|AdminCommand|Administrator tests created vehicle BULLET 
2021-07-16 13:03:20.4211|0|WARN|AdminCommand|Administrator tests created vehicle BULLET 
2021-07-16 13:05:47.4198|0|INFO|BaseLogger|Successfully inited Rollbar on development 
2021-07-16 13:05:47.8315|0|INFO|Quartz.Impl.StdSchedulerFactory|Default Quartz.NET properties loaded from embedded resource file 
2021-07-16 13:05:47.9042|0|INFO|Quartz.Core.SchedulerSignalerImpl|Initialized Scheduler Signaller of type: Quartz.Core.SchedulerSignalerImpl 
2021-07-16 13:05:47.9042|0|INFO|Quartz.Core.QuartzScheduler|Quartz Scheduler v.3.3.2.0 created. 
2021-07-16 13:05:47.9132|0|INFO|Quartz.Simpl.RAMJobStore|RAMJobStore initialized. 
2021-07-16 13:05:47.9174|0|INFO|Quartz.Core.QuartzScheduler|Scheduler meta-data: Quartz Scheduler (v3.3.2.0) 'DefaultQuartzScheduler' with instanceId 'NON_CLUSTERED'
  Scheduler class: 'Quartz.Core.QuartzScheduler' - running locally.
  NOT STARTED.
  Currently in standby mode.
  Number of jobs executed: 0
  Using thread pool 'Quartz.Simpl.DefaultThreadPool' - with 10 threads.
  Using job-store 'Quartz.Simpl.RAMJobStore' - which does not support persistence. and is not clustered.
 
2021-07-16 13:05:47.9174|0|INFO|Quartz.Impl.StdSchedulerFactory|Quartz scheduler 'DefaultQuartzScheduler' initialized 
2021-07-16 13:05:47.9174|0|INFO|Quartz.Impl.StdSchedulerFactory|Quartz scheduler version: 3.3.2.0 
2021-07-16 13:05:47.9320|0|INFO|Quartz.Core.QuartzScheduler|Scheduler DefaultQuartzScheduler_$_NON_CLUSTERED started. 
2021-07-16 13:05:55.0657|0|INFO|Gamemode.Models.Player.IdsCache|Loaded player ids to cache. dynamic_id=1, static_id=4 
2021-07-16 13:05:55.0657|0|INFO|Gamemode.Models.Player.AdminsCache|Loaded admin to cache. static_id=4 
2021-07-16 13:05:55.0891|0|INFO|Gamemode.Models.Player.FractionsCache|Loaded fraction member to cache. static_id=4 
2021-07-16 13:05:55.0891|0|INFO|Gamemode.Models.Player.InventoryWeapons|Added weapon to inventory. weapon_hash=Microsmg 
2021-07-16 13:05:55.0891|0|INFO|Gamemode.Models.Player.InventoryWeapons|Added weapon to inventory. weapon_hash=Knuckle 
2021-07-16 13:05:55.0891|0|INFO|Gamemode.Models.Player.InventoryWeapons|Added weapon to inventory. weapon_hash=Flare 
2021-07-16 13:05:55.0891|0|INFO|Gamemode.Models.Player.InventoryWeapons|Added weapon to inventory. weapon_hash=Pumpshotgun 
2021-07-16 13:05:55.0891|0|INFO|Gamemode.Models.Player.InventoryWeapons|Added weapon to inventory. weapon_hash=Pistol 
2021-07-16 13:05:55.0891|0|INFO|Gamemode.Models.Player.CustomPlayer|Loaded player to cache. ID=4 
2021-07-16 13:06:00.1112|0|INFO|Gamemode.Models.Player.IdsCache|Loaded player ids to cache. dynamic_id=0, static_id=9 
2021-07-16 13:06:00.1112|0|INFO|Gamemode.Models.Player.AdminsCache|Loaded admin to cache. static_id=9 
2021-07-16 13:06:00.1112|0|INFO|Gamemode.Models.Player.FractionsCache|Loaded fraction member to cache. static_id=9 
2021-07-16 13:06:00.1112|0|INFO|Gamemode.Models.Player.InventoryWeapons|Added weapon to inventory. weapon_hash=Microsmg 
2021-07-16 13:06:00.1112|0|INFO|Gamemode.Models.Player.InventoryWeapons|Added weapon to inventory. weapon_hash=Knuckle 
2021-07-16 13:06:00.1112|0|INFO|Gamemode.Models.Player.InventoryWeapons|Added weapon to inventory. weapon_hash=Flare 
2021-07-16 13:06:00.1112|0|INFO|Gamemode.Models.Player.InventoryWeapons|Added weapon to inventory. weapon_hash=Pumpshotgun 
2021-07-16 13:06:00.1112|0|INFO|Gamemode.Models.Player.InventoryWeapons|Added weapon to inventory. weapon_hash=Pistol 
2021-07-16 13:06:00.1112|0|INFO|Gamemode.Models.Player.CustomPlayer|Loaded player to cache. ID=9 
2021-07-16 13:07:22.2832|0|INFO|BaseLogger|Successfully inited Rollbar on development 
2021-07-16 13:07:22.9975|0|INFO|Quartz.Impl.StdSchedulerFactory|Default Quartz.NET properties loaded from embedded resource file 
2021-07-16 13:07:23.1746|0|INFO|Quartz.Core.SchedulerSignalerImpl|Initialized Scheduler Signaller of type: Quartz.Core.SchedulerSignalerImpl 
2021-07-16 13:07:23.1754|0|INFO|Quartz.Core.QuartzScheduler|Quartz Scheduler v.3.3.2.0 created. 
2021-07-16 13:07:23.1937|0|INFO|Quartz.Simpl.RAMJobStore|RAMJobStore initialized. 
2021-07-16 13:07:23.2207|0|INFO|Quartz.Core.QuartzScheduler|Scheduler meta-data: Quartz Scheduler (v3.3.2.0) 'DefaultQuartzScheduler' with instanceId 'NON_CLUSTERED'
  Scheduler class: 'Quartz.Core.QuartzScheduler' - running locally.
  NOT STARTED.
  Currently in standby mode.
  Number of jobs executed: 0
  Using thread pool 'Quartz.Simpl.DefaultThreadPool' - with 10 threads.
  Using job-store 'Quartz.Simpl.RAMJobStore' - which does not support persistence. and is not clustered.
 
2021-07-16 13:07:23.2207|0|INFO|Quartz.Impl.StdSchedulerFactory|Quartz scheduler 'DefaultQuartzScheduler' initialized 
2021-07-16 13:07:23.2207|0|INFO|Quartz.Impl.StdSchedulerFactory|Quartz scheduler version: 3.3.2.0 
2021-07-16 13:07:23.2388|0|INFO|Quartz.Core.QuartzScheduler|Scheduler DefaultQuartzScheduler_$_NON_CLUSTERED started. 
2021-07-16 13:07:30.5250|3|INFO|Grpc.Net.Client.Internal.GrpcCall|Call failed with gRPC error status. Status code: '10005', Message: 'invalid password'. 
2021-07-16 13:07:32.8346|0|INFO|Gamemode.Models.Player.IdsCache|Loaded player ids to cache. dynamic_id=1, static_id=4 
2021-07-16 13:07:32.8429|0|INFO|Gamemode.Models.Player.AdminsCache|Loaded admin to cache. static_id=4 
2021-07-16 13:07:32.8572|0|INFO|Gamemode.Models.Player.FractionsCache|Loaded fraction member to cache. static_id=4 
2021-07-16 13:07:32.8572|0|INFO|Gamemode.Models.Player.InventoryWeapons|Added weapon to inventory. weapon_hash=Microsmg 
2021-07-16 13:07:32.8572|0|INFO|Gamemode.Models.Player.InventoryWeapons|Added weapon to inventory. weapon_hash=Knuckle 
2021-07-16 13:07:32.8572|0|INFO|Gamemode.Models.Player.InventoryWeapons|Added weapon to inventory. weapon_hash=Flare 
2021-07-16 13:07:32.8572|0|INFO|Gamemode.Models.Player.InventoryWeapons|Added weapon to inventory. weapon_hash=Pumpshotgun 
2021-07-16 13:07:32.8572|0|INFO|Gamemode.Models.Player.InventoryWeapons|Added weapon to inventory. weapon_hash=Pistol 
2021-07-16 13:07:32.8572|0|INFO|Gamemode.Models.Player.CustomPlayer|Loaded player to cache. ID=4 
2021-07-16 13:07:36.2603|0|INFO|Gamemode.Models.Player.IdsCache|Loaded player ids to cache. dynamic_id=0, static_id=9 
2021-07-16 13:07:36.2603|0|INFO|Gamemode.Models.Player.AdminsCache|Loaded admin to cache. static_id=9 
2021-07-16 13:07:36.2603|0|INFO|Gamemode.Models.Player.FractionsCache|Loaded fraction member to cache. static_id=9 
2021-07-16 13:07:36.2603|0|INFO|Gamemode.Models.Player.InventoryWeapons|Added weapon to inventory. weapon_hash=Microsmg 
2021-07-16 13:07:36.2603|0|INFO|Gamemode.Models.Player.InventoryWeapons|Added weapon to inventory. weapon_hash=Knuckle 
2021-07-16 13:07:36.2603|0|INFO|Gamemode.Models.Player.InventoryWeapons|Added weapon to inventory. weapon_hash=Flare 
2021-07-16 13:07:36.2603|0|INFO|Gamemode.Models.Player.InventoryWeapons|Added weapon to inventory. weapon_hash=Pumpshotgun 
2021-07-16 13:07:36.2603|0|INFO|Gamemode.Models.Player.InventoryWeapons|Added weapon to inventory. weapon_hash=Pistol 
2021-07-16 13:07:36.2603|0|INFO|Gamemode.Models.Player.CustomPlayer|Loaded player to cache. ID=9 
2021-07-16 13:09:48.7037|0|INFO|BaseLogger|Successfully inited Rollbar on development 
2021-07-16 13:09:49.4384|0|INFO|Quartz.Impl.StdSchedulerFactory|Default Quartz.NET properties loaded from embedded resource file 
2021-07-16 13:09:49.5958|0|INFO|Quartz.Core.SchedulerSignalerImpl|Initialized Scheduler Signaller of type: Quartz.Core.SchedulerSignalerImpl 
2021-07-16 13:09:49.5958|0|INFO|Quartz.Core.QuartzScheduler|Quartz Scheduler v.3.3.2.0 created. 
2021-07-16 13:09:49.6075|0|INFO|Quartz.Simpl.RAMJobStore|RAMJobStore initialized. 
2021-07-16 13:09:49.6214|0|INFO|Quartz.Core.QuartzScheduler|Scheduler meta-data: Quartz Scheduler (v3.3.2.0) 'DefaultQuartzScheduler' with instanceId 'NON_CLUSTERED'
  Scheduler class: 'Quartz.Core.QuartzScheduler' - running locally.
  NOT STARTED.
  Currently in standby mode.
  Number of jobs executed: 0
  Using thread pool 'Quartz.Simpl.DefaultThreadPool' - with 10 threads.
  Using job-store 'Quartz.Simpl.RAMJobStore' - which does not support persistence. and is not clustered.
 
2021-07-16 13:09:49.6214|0|INFO|Quartz.Impl.StdSchedulerFactory|Quartz scheduler 'DefaultQuartzScheduler' initialized 
2021-07-16 13:09:49.6214|0|INFO|Quartz.Impl.StdSchedulerFactory|Quartz scheduler version: 3.3.2.0 
2021-07-16 13:09:49.6515|0|INFO|Quartz.Core.QuartzScheduler|Scheduler DefaultQuartzScheduler_$_NON_CLUSTERED started. 
2021-07-16 13:09:56.3408|0|INFO|Gamemode.Models.Player.IdsCache|Loaded player ids to cache. dynamic_id=1, static_id=4 
2021-07-16 13:09:56.3466|0|INFO|Gamemode.Models.Player.AdminsCache|Loaded admin to cache. static_id=4 
2021-07-16 13:09:56.3564|0|INFO|Gamemode.Models.Player.FractionsCache|Loaded fraction member to cache. static_id=4 
2021-07-16 13:09:56.3564|0|INFO|Gamemode.Models.Player.InventoryWeapons|Added weapon to inventory. weapon_hash=Microsmg 
2021-07-16 13:09:56.3564|0|INFO|Gamemode.Models.Player.InventoryWeapons|Added weapon to inventory. weapon_hash=Knuckle 
2021-07-16 13:09:56.3564|0|INFO|Gamemode.Models.Player.InventoryWeapons|Added weapon to inventory. weapon_hash=Flare 
2021-07-16 13:09:56.3564|0|INFO|Gamemode.Models.Player.InventoryWeapons|Added weapon to inventory. weapon_hash=Pumpshotgun 
2021-07-16 13:09:56.3564|0|INFO|Gamemode.Models.Player.InventoryWeapons|Added weapon to inventory. weapon_hash=Pistol 
2021-07-16 13:09:56.3564|0|INFO|Gamemode.Models.Player.CustomPlayer|Loaded player to cache. ID=4 
2021-07-16 13:09:58.6938|0|INFO|Gamemode.Models.Player.IdsCache|Loaded player ids to cache. dynamic_id=0, static_id=9 
2021-07-16 13:09:58.6938|0|INFO|Gamemode.Models.Player.AdminsCache|Loaded admin to cache. static_id=9 
2021-07-16 13:09:58.6938|0|INFO|Gamemode.Models.Player.FractionsCache|Loaded fraction member to cache. static_id=9 
2021-07-16 13:09:58.6938|0|INFO|Gamemode.Models.Player.InventoryWeapons|Added weapon to inventory. weapon_hash=Microsmg 
2021-07-16 13:09:58.6938|0|INFO|Gamemode.Models.Player.InventoryWeapons|Added weapon to inventory. weapon_hash=Knuckle 
2021-07-16 13:09:58.6938|0|INFO|Gamemode.Models.Player.InventoryWeapons|Added weapon to inventory. weapon_hash=Flare 
2021-07-16 13:09:58.6938|0|INFO|Gamemode.Models.Player.InventoryWeapons|Added weapon to inventory. weapon_hash=Pumpshotgun 
2021-07-16 13:09:58.6938|0|INFO|Gamemode.Models.Player.InventoryWeapons|Added weapon to inventory. weapon_hash=Pistol 
2021-07-16 13:09:58.6938|0|INFO|Gamemode.Models.Player.CustomPlayer|Loaded player to cache. ID=9 
2021-07-16 13:10:08.6002|0|WARN|AdminCommand|Administrator asdasds deleted vehicle  
2021-07-16 13:10:09.2721|0|WARN|AdminCommand|Administrator asdasds deleted vehicle  
2021-07-16 13:10:10.4240|0|WARN|AdminCommand|Administrator asdasds created vehicle BULLET 
2021-07-16 13:10:12.3592|0|WARN|AdminCommand|Administrator tests created vehicle BULLET 
2021-07-16 13:11:49.6690|0|INFO|Gamemode.Models.Player.FractionsCache|Unloaded fraction member from cache. static_id=4 
2021-07-16 13:11:49.6690|0|WARN|AdminCommand|Administrator asdasds unset fraction of tests 
2021-07-16 13:11:50.9332|0|INFO|Gamemode.Models.Player.FractionsCache|Unloaded fraction member from cache. static_id=9 
2021-07-16 13:11:50.9332|0|WARN|AdminCommand|Administrator asdasds unset fraction of asdasds 
